<?xml version="1.0" encoding="UTF-8"?>
<!-- Generated by org.testng.reporters.JUnitReportReporter -->
<testsuite hostname="DESKTOP-7GAAMJD" failures="0" tests="1" name="TestCase.VerifyRadioButtonAndCheckBox" time="10.052" errors="0" timestamp="2023-05-08T23:50:15 IST" skipped="0">
  <testcase classname="TestCase.VerifyRadioButtonAndCheckBox" name="verifyCheckboxAndRadioButtonBehaviours" time="10.052"/>
  <system-out>
    <![CDATA[Test case started verifyCheckboxAndRadioButtonBehaviours
Test case succededverifyCheckboxAndRadioButtonBehaviours]]>
  </system-out>
</testsuite> <!-- TestCase.VerifyRadioButtonAndCheckBox -->
