<?xml version="1.0" encoding="UTF-8"?>
<!-- Generated by org.testng.reporters.JUnitReportReporter -->
<testsuite hostname="DESKTOP-7GAAMJD" failures="0" tests="2" name="TestCase2.VerifyIframe" time="12.928" errors="0" timestamp="2023-05-08T08:29:28 IST" skipped="0">
  <testcase classname="TestCase2.VerifyIframe" name="VerifyIframe" time="5.608"/>
  <system-out/>
  <testcase classname="TestCase2.VerifyIframe" name="verifyPageTitle" time="7.320"/>
  <system-out/>
</testsuite> <!-- TestCase2.VerifyIframe -->
