<?xml version="1.0" encoding="UTF-8"?>
<!-- Generated by org.testng.reporters.JUnitReportReporter -->
<testsuite hostname="DESKTOP-7GAAMJD" failures="0" tests="1" name="TestCase2.RegistrationUsingExcel" time="0.000" errors="0" timestamp="2023-05-14T11:41:08 IST" skipped="1">
  <testcase classname="TestCase2.RegistrationUsingExcel" name="verifyregistration" time="0.000">
    <skipped/>
  </testcase> <!-- verifyregistration -->
  <system-out/>
</testsuite> <!-- TestCase2.RegistrationUsingExcel -->
