<?xml version="1.0" encoding="UTF-8"?>
<!-- Generated by org.testng.reporters.JUnitReportReporter -->
<testsuite hostname="DESKTOP-7GAAMJD" failures="0" tests="1" name="TestCase3.VerifyFileUpload" time="19.798" errors="0" timestamp="2023-05-25T23:41:43 IST" skipped="0">
  <testcase classname="TestCase3.VerifyFileUpload" name="verifyFileUpload" time="19.798"/>
  <system-out/>
</testsuite> <!-- TestCase3.VerifyFileUpload -->
