<?xml version="1.0" encoding="UTF-8"?>
<!-- Generated by org.testng.reporters.JUnitReportReporter -->
<testsuite hostname="DESKTOP-7GAAMJD" failures="0" tests="3" name="TestCase3.VerifyPageTitle" time="30.896" errors="0" timestamp="2023-05-22T10:27:34 IST" skipped="0">
  <testcase classname="TestCase3.VerifyPageTitle" name="verifyPasswordText" time="12.396"/>
  <system-out/>
  <testcase classname="TestCase3.VerifyPageTitle" name="verifyPageTitle1" time="8.575"/>
  <system-out/>
  <testcase classname="TestCase3.VerifyPageTitle" name="verifyUserNameText" time="9.925"/>
  <system-out/>
</testsuite> <!-- TestCase3.VerifyPageTitle -->
