<?xml version="1.0" encoding="UTF-8"?>
<!-- Generated by org.testng.reporters.JUnitReportReporter -->
<testsuite hostname="DESKTOP-7GAAMJD" failures="0" tests="3" name="TestCase2.VerifyNewWindow" time="32.312" errors="0" timestamp="2023-05-08T23:54:03 IST" skipped="0">
  <testcase classname="TestCase2.VerifyNewWindow" name="verfyWindowHandle" time="6.727"/>
  <system-out/>
  <testcase classname="TestCase2.VerifyNewWindow" name="verifyWindow" time="11.284"/>
  <system-out/>
  <testcase classname="TestCase2.VerifyNewWindow" name="verifyOpenWindow" time="14.301"/>
  <system-out/>
</testsuite> <!-- TestCase2.VerifyNewWindow -->
