<?xml version="1.0" encoding="UTF-8"?>
<!-- Generated by org.testng.reporters.JUnitReportReporter -->
<testsuite hostname="DESKTOP-7GAAMJD" failures="0" tests="1" name="TestCase3.VerifyUserInformationUsingExcel" time="51.985" errors="0" timestamp="2023-05-24T23:21:42 IST" skipped="0">
  <testcase classname="TestCase3.VerifyUserInformationUsingExcel" name="verifyUserInformation" time="51.985"/>
  <system-out/>
</testsuite> <!-- TestCase3.VerifyUserInformationUsingExcel -->
