<?xml version="1.0" encoding="UTF-8"?>
<!-- Generated by org.testng.reporters.JUnitReportReporter -->
<testsuite hostname="DESKTOP-7GAAMJD" failures="0" tests="1" name="TestCase.VerifyOmayoBlogHomePgae" time="9.198" errors="0" timestamp="2023-06-02T19:27:15 IST" skipped="0">
  <testcase classname="TestCase.VerifyOmayoBlogHomePgae" name="verifyOmayoHomePage" time="9.198"/>
  <system-out/>
</testsuite> <!-- TestCase.VerifyOmayoBlogHomePgae -->
