<?xml version="1.0" encoding="UTF-8"?>
<!-- Generated by org.testng.reporters.JUnitReportReporter -->
<testsuite hostname="DESKTOP-7GAAMJD" failures="0" tests="1" name="TestCase.VerifyOmayoBlogHomePgae" time="44.400" errors="0" timestamp="2023-05-08T23:50:15 IST" skipped="0">
  <testcase classname="TestCase.VerifyOmayoBlogHomePgae" name="verifyOmayoHomePage" time="44.400"/>
  <system-out>
    <![CDATA[Test case started verifyOmayoHomePage
Test case succededverifyOmayoHomePage]]>
  </system-out>
</testsuite> <!-- TestCase.VerifyOmayoBlogHomePgae -->
