<?xml version="1.0" encoding="UTF-8"?>
<!-- Generated by org.testng.reporters.JUnitReportReporter -->
<testsuite hostname="DESKTOP-7GAAMJD" failures="0" tests="4" name="TestCase2.VerifyTextField" time="12.657" errors="0" timestamp="2023-05-10T23:44:33 IST" skipped="2">
  <testcase classname="TestCase2.VerifyTextField" name="verifyPasswordTextDisplayed" time="7.270"/>
  <system-out/>
  <testcase classname="TestCase2.VerifyTextField" name="verifyUserNameTextDisplayed" time="5.387"/>
  <system-out/>
  <testcase classname="TestCase2.VerifyTextField" name="verifyloginUsingSendText">
    <skipped/>
  </testcase> <!-- verifyloginUsingSendText -->
  <system-out/>
  <testcase classname="TestCase2.VerifyTextField" name="verifyLoginUsingUtilityClass">
    <skipped/>
  </testcase> <!-- verifyLoginUsingUtilityClass -->
  <system-out/>
</testsuite> <!-- TestCase2.VerifyTextField -->
