<?xml version="1.0" encoding="UTF-8"?>
<!-- Generated by org.testng.reporters.JUnitReportReporter -->
<testsuite hostname="DESKTOP-7GAAMJD" failures="0" tests="1" name="TestCase3.VerifyHorrLink" time="34.196" errors="0" timestamp="2023-05-21T22:12:44 IST" skipped="0">
  <testcase classname="TestCase3.VerifyHorrLink" name="verifyHorrLinks" time="34.196"/>
  <system-out/>
</testsuite> <!-- TestCase3.VerifyHorrLink -->
