<?xml version="1.0" encoding="UTF-8"?>
<!-- Generated by org.testng.reporters.JUnitReportReporter -->
<testsuite hostname="DESKTOP-7GAAMJD" failures="0" tests="1" name="TestCase2.ReadExcelFile" time="19.027" errors="0" timestamp="2023-05-14T12:15:04 IST" skipped="0">
  <testcase classname="TestCase2.ReadExcelFile" name="verifyExcelData" time="19.027"/>
  <system-out/>
</testsuite> <!-- TestCase2.ReadExcelFile -->
