<?xml version="1.0" encoding="UTF-8"?>
<!-- Generated by org.testng.reporters.JUnitReportReporter -->
<testsuite hostname="DESKTOP-7GAAMJD" failures="0" tests="1" name="TestCase2.VerifyMultipleDropdown" time="8.475" errors="0" timestamp="2023-05-12T12:31:20 IST" skipped="0">
  <testcase classname="TestCase2.VerifyMultipleDropdown" name="verifyDropdown" time="8.475"/>
  <system-out/>
</testsuite> <!-- TestCase2.VerifyMultipleDropdown -->
