<?xml version="1.0" encoding="UTF-8"?>
<!-- Generated by org.testng.reporters.JUnitReportReporter -->
<testsuite hostname="DESKTOP-7GAAMJD" failures="0" tests="6" name="TestCase2.VerifyPageTiltle" time="114.701" errors="0" timestamp="2023-05-16T19:35:39 IST" skipped="0">
  <testcase classname="TestCase2.VerifyPageTiltle" name="verifyRadidioButton" time="14.793"/>
  <system-out>
    <![CDATA[Test case started verifyRadidioButton
Test case succededverifyRadidioButton]]>
  </system-out>
  <testcase classname="TestCase2.VerifyPageTiltle" name="verifyPageTitle3" time="10.439"/>
  <system-out>
    <![CDATA[Test case started verifyPageTitle3
Test case succededverifyPageTitle3]]>
  </system-out>
  <testcase classname="TestCase2.VerifyPageTiltle" name="verifyPageTitle2" time="39.154"/>
  <system-out>
    <![CDATA[Test case started verifyPageTitle2
Test case succededverifyPageTitle2]]>
  </system-out>
  <testcase classname="TestCase2.VerifyPageTiltle" name="verifyDropDown" time="13.893"/>
  <system-out>
    <![CDATA[Test case started verifyDropDown
Test case succededverifyDropDown]]>
  </system-out>
  <testcase classname="TestCase2.VerifyPageTiltle" name="verifyIfarme" time="23.978"/>
  <system-out>
    <![CDATA[Test case started verifyIfarme
Test case succededverifyIfarme]]>
  </system-out>
  <testcase classname="TestCase2.VerifyPageTiltle" name="verifyIfarmetext" time="12.444"/>
  <system-out>
    <![CDATA[Test case started verifyIfarmetext
Test case succededverifyIfarmetext]]>
  </system-out>
</testsuite> <!-- TestCase2.VerifyPageTiltle -->
