<?xml version="1.0" encoding="UTF-8"?>
<!-- Generated by org.testng.reporters.JUnitReportReporter -->
<testsuite hostname="DESKTOP-7GAAMJD" failures="0" tests="3" name="TestCase3.VerfyWindowAndTab" time="9.796" errors="0" timestamp="2023-05-21T17:09:13 IST" skipped="2">
  <testcase classname="TestCase3.VerfyWindowAndTab" name="verifyNewWidowhandle" time="9.796"/>
  <system-out/>
  <testcase classname="TestCase3.VerfyWindowAndTab" name="verifyWindow">
    <skipped/>
  </testcase> <!-- verifyWindow -->
  <system-out/>
  <testcase classname="TestCase3.VerfyWindowAndTab" name="verifyNewTab">
    <skipped/>
  </testcase> <!-- verifyNewTab -->
  <system-out/>
</testsuite> <!-- TestCase3.VerfyWindowAndTab -->
