<?xml version="1.0" encoding="UTF-8"?>
<!-- Generated by org.testng.reporters.JUnitReportReporter -->
<testsuite hostname="DESKTOP-7GAAMJD" failures="0" tests="1" name="TestCase3.VerifyIframeElement" time="12.752" errors="0" timestamp="2023-05-19T21:51:32 IST" skipped="0">
  <testcase classname="TestCase3.VerifyIframeElement" name="verifyIframe" time="12.752"/>
  <system-out/>
</testsuite> <!-- TestCase3.VerifyIframeElement -->
