<?xml version="1.0" encoding="UTF-8"?>
<!-- Generated by org.testng.reporters.JUnitReportReporter -->
<testsuite hostname="DESKTOP-7GAAMJD" failures="0" tests="2" name="TestCase2.WaitsOnClickButton" time="34.026" errors="0" timestamp="2023-05-14T15:17:33 IST" skipped="0">
  <testcase classname="TestCase2.WaitsOnClickButton" name="verifyWaitsOnAlert" time="15.939"/>
  <system-out/>
  <testcase classname="TestCase2.WaitsOnClickButton" name="verifyWaitsInSecAlert" time="18.087"/>
  <system-out/>
</testsuite> <!-- TestCase2.WaitsOnClickButton -->
