<?xml version="1.0" encoding="UTF-8"?>
<!-- Generated by org.testng.reporters.JUnitReportReporter -->
<testsuite hostname="DESKTOP-7GAAMJD" failures="0" tests="1" name="TestCase4.VerifyAddUser" time="55.162" errors="0" timestamp="2023-05-31T22:08:00 IST" skipped="0">
  <testcase classname="TestCase4.VerifyAddUser" name="verifyAddUserSucessfully" time="55.162"/>
  <system-out/>
</testsuite> <!-- TestCase4.VerifyAddUser -->
