<?xml version="1.0" encoding="UTF-8"?>
<!-- Generated by org.testng.reporters.JUnitReportReporter -->
<testsuite hostname="DESKTOP-7GAAMJD" failures="0" tests="1" name="TestCase3.VerifyMultipleWindow" time="33.000" errors="0" timestamp="2023-05-23T01:05:19 IST" skipped="0">
  <testcase classname="TestCase3.VerifyMultipleWindow" name="verifyMultipleWindow" time="33.000"/>
  <system-out/>
</testsuite> <!-- TestCase3.VerifyMultipleWindow -->
