<?xml version="1.0" encoding="UTF-8"?>
<!-- Generated by org.testng.reporters.JUnitReportReporter -->
<testsuite hostname="DESKTOP-7GAAMJD" failures="0" tests="2" name="TestCase3.VerifyRadioButton" time="16.642" errors="0" timestamp="2023-05-24T23:54:31 IST" skipped="0">
  <testcase classname="TestCase3.VerifyRadioButton" name="verifyRadioButton2" time="9.541"/>
  <system-out/>
  <testcase classname="TestCase3.VerifyRadioButton" name="verifyRadioButton" time="7.101"/>
  <system-out/>
</testsuite> <!-- TestCase3.VerifyRadioButton -->
