<?xml version="1.0" encoding="UTF-8"?>
<!-- Generated by org.testng.reporters.JUnitReportReporter -->
<testsuite hostname="DESKTOP-7GAAMJD" failures="0" tests="4" name="TestCase3.VerifyTableData" time="271.838" errors="0" timestamp="2023-05-24T00:40:32 IST" skipped="2">
  <testcase classname="TestCase3.VerifyTableData" name="verifyTableData3" time="154.897"/>
  <system-out/>
  <testcase classname="TestCase3.VerifyTableData" name="verifyTableData2" time="116.941"/>
  <system-out/>
  <testcase classname="TestCase3.VerifyTableData" name="verifyTableData">
    <skipped/>
  </testcase> <!-- verifyTableData -->
  <system-out/>
  <testcase classname="TestCase3.VerifyTableData" name="verifyTableData1">
    <skipped/>
  </testcase> <!-- verifyTableData1 -->
  <system-out/>
</testsuite> <!-- TestCase3.VerifyTableData -->
