<?xml version="1.0" encoding="UTF-8"?>
<!-- Generated by org.testng.reporters.JUnitReportReporter -->
<testsuite hostname="DESKTOP-7GAAMJD" failures="0" tests="1" name="TestCase.VerifyNewToursRegistration2WithExcel" time="19.466" errors="0" timestamp="2023-05-14T12:18:01 IST" skipped="0">
  <testcase classname="TestCase.VerifyNewToursRegistration2WithExcel" name="VerifyRegistration" time="19.466"/>
  <system-out/>
</testsuite> <!-- TestCase.VerifyNewToursRegistration2WithExcel -->
