<?xml version="1.0" encoding="UTF-8"?>
<!-- Generated by org.testng.reporters.JUnitReportReporter -->
<testsuite hostname="DESKTOP-7GAAMJD" failures="0" tests="1" name="TestCase2.VerifyDropdown" time="12.268" errors="0" timestamp="2023-05-07T23:55:58 IST" skipped="0">
  <testcase classname="TestCase2.VerifyDropdown" name="verifyPageTitle" time="12.268"/>
  <system-out/>
</testsuite> <!-- TestCase2.VerifyDropdown -->
