<?xml version="1.0" encoding="UTF-8"?>
<!-- Generated by org.testng.reporters.JUnitReportReporter -->
<testsuite hostname="DESKTOP-7GAAMJD" failures="0" tests="2" name="TestCase2.VerifyLoginText" time="25.784" errors="0" timestamp="2023-05-09T08:34:17 IST" skipped="0">
  <testcase classname="TestCase2.VerifyLoginText" name="VerifyPasswordText" time="10.921"/>
  <system-out/>
  <testcase classname="TestCase2.VerifyLoginText" name="verifyUseridText" time="14.863"/>
  <system-out/>
</testsuite> <!-- TestCase2.VerifyLoginText -->
