<?xml version="1.0" encoding="UTF-8"?>
<!-- Generated by org.testng.reporters.JUnitReportReporter -->
<testsuite hostname="DESKTOP-7GAAMJD" failures="0" tests="3" name="TestCase3.VerifyScrolling" time="122.321" errors="0" timestamp="2023-05-24T11:04:22 IST" skipped="2">
  <testcase classname="TestCase3.VerifyScrolling" name="verifyScrolling3" time="122.321"/>
  <system-out/>
  <testcase classname="TestCase3.VerifyScrolling" name="verifyScrolling2">
    <skipped/>
  </testcase> <!-- verifyScrolling2 -->
  <system-out/>
  <testcase classname="TestCase3.VerifyScrolling" name="verifyScrolling">
    <skipped/>
  </testcase> <!-- verifyScrolling -->
  <system-out/>
</testsuite> <!-- TestCase3.VerifyScrolling -->
