<?xml version="1.0" encoding="UTF-8"?>
<!-- Generated by org.testng.reporters.JUnitReportReporter -->
<testsuite hostname="DESKTOP-7GAAMJD" failures="0" tests="2" name="TestCase3.VerifyCheckBox" time="25.742" errors="0" timestamp="2023-05-16T22:19:09 IST" skipped="0">
  <testcase classname="TestCase3.VerifyCheckBox" name="verifyCheckBox" time="13.509"/>
  <system-out/>
  <testcase classname="TestCase3.VerifyCheckBox" name="verifyToggleButton" time="12.233"/>
  <system-out/>
</testsuite> <!-- TestCase3.VerifyCheckBox -->
