<?xml version="1.0" encoding="UTF-8"?>
<!-- Generated by org.testng.reporters.JUnitReportReporter -->
<testsuite hostname="DESKTOP-7GAAMJD" failures="0" tests="1" name="TestCase3.VerifyDragAndDrop" time="7.805" errors="0" timestamp="2023-05-26T23:38:19 IST" skipped="0">
  <testcase classname="TestCase3.VerifyDragAndDrop" name="verifyDragAndDrop" time="7.805"/>
  <system-out/>
</testsuite> <!-- TestCase3.VerifyDragAndDrop -->
