<?xml version="1.0" encoding="UTF-8"?>
<!-- Generated by org.testng.reporters.JUnitReportReporter -->
<testsuite hostname="DESKTOP-7GAAMJD" failures="0" tests="1" name="TestCase2.HandleMultipleWindow" time="16.509" errors="0" timestamp="2023-05-14T00:00:30 IST" skipped="0">
  <testcase classname="TestCase2.HandleMultipleWindow" name="VerifyHandleMultipleWindow" time="16.509"/>
  <system-out/>
</testsuite> <!-- TestCase2.HandleMultipleWindow -->
