<?xml version="1.0" encoding="UTF-8"?>
<!-- Generated by org.testng.reporters.JUnitReportReporter -->
<testsuite hostname="DESKTOP-7GAAMJD" failures="0" tests="1" name="TestCase4.VerifyTableData" time="15.374" errors="0" timestamp="2023-06-02T20:30:59 IST" skipped="0">
  <testcase classname="TestCase4.VerifyTableData" name="verifyTableData" time="15.374"/>
  <system-out>
    <![CDATA[Test case started verifyTableData
Test case succededverifyTableData]]>
  </system-out>
</testsuite> <!-- TestCase4.VerifyTableData -->
