<?xml version="1.0" encoding="UTF-8"?>
<!-- Generated by org.testng.reporters.JUnitReportReporter -->
<testsuite hostname="DESKTOP-7GAAMJD" failures="0" tests="2" name="TestCase3.VerifyNoOfButtons" time="37.005" errors="0" timestamp="2023-05-21T23:00:16 IST" skipped="0">
  <testcase classname="TestCase3.VerifyNoOfButtons" name="verifyButtons" time="21.686"/>
  <system-out/>
  <testcase classname="TestCase3.VerifyNoOfButtons" name="verifyLinks" time="15.319"/>
  <system-out/>
</testsuite> <!-- TestCase3.VerifyNoOfButtons -->
