<?xml version="1.0" encoding="UTF-8"?>
<!-- Generated by org.testng.reporters.JUnitReportReporter -->
<testsuite hostname="DESKTOP-7GAAMJD" failures="0" tests="1" name="TestCase.VerifyApplicationHomePageTitle" time="27.258" errors="0" timestamp="2023-05-10T00:50:16 IST" skipped="0">
  <testcase classname="TestCase.VerifyApplicationHomePageTitle" name="verifyPageTitle" time="27.258"/>
  <system-out/>
</testsuite> <!-- TestCase.VerifyApplicationHomePageTitle -->
