<?xml version="1.0" encoding="UTF-8"?>
<!-- Generated by org.testng.reporters.JUnitReportReporter -->
<testsuite hostname="DESKTOP-7GAAMJD" failures="0" tests="2" name="TestCase2.VerifyListOfButton" time="71.635" errors="0" timestamp="2023-05-10T00:24:07 IST" skipped="0">
  <testcase classname="TestCase2.VerifyListOfButton" name="verifyButton" time="5.610"/>
  <system-out/>
  <testcase classname="TestCase2.VerifyListOfButton" name="verifyLinks" time="66.025"/>
  <system-out/>
</testsuite> <!-- TestCase2.VerifyListOfButton -->
