<?xml version="1.0" encoding="UTF-8"?>
<!-- Generated by org.testng.reporters.JUnitReportReporter -->
<testsuite hostname="DESKTOP-7GAAMJD" failures="0" tests="1" name="TestCase.VerifyNewToursRegistration2WithExcel" time="0.000" errors="0" timestamp="2023-05-10T01:04:20 IST" skipped="1">
  <testcase classname="TestCase.VerifyNewToursRegistration2WithExcel" name="VerifyRegistration" time="0.000">
    <skipped/>
  </testcase> <!-- VerifyRegistration -->
  <system-out/>
</testsuite> <!-- TestCase.VerifyNewToursRegistration2WithExcel -->
