<?xml version="1.0" encoding="UTF-8"?>
<!-- Generated by org.testng.reporters.JUnitReportReporter -->
<testsuite hostname="DESKTOP-7GAAMJD" failures="0" tests="3" name="TestCase3.VerifyWaitsForAlerts" time="81.959" errors="0" timestamp="2023-05-26T11:01:56 IST" skipped="0">
  <testcase classname="TestCase3.VerifyWaitsForAlerts" name="verifyWaits2" time="58.286"/>
  <system-out/>
  <testcase classname="TestCase3.VerifyWaitsForAlerts" name="verifyWaits" time="13.758"/>
  <system-out/>
  <testcase classname="TestCase3.VerifyWaitsForAlerts" name="verifyWaits3" time="9.915"/>
  <system-out/>
</testsuite> <!-- TestCase3.VerifyWaitsForAlerts -->
