<?xml version="1.0" encoding="UTF-8"?>
<!-- Generated by org.testng.reporters.JUnitReportReporter -->
<testsuite hostname="DESKTOP-7GAAMJD" failures="0" tests="4" name="TestCase2.VerifyAlerts" time="170.646" errors="0" timestamp="2023-05-07T22:54:34 IST" skipped="0">
  <testcase classname="TestCase2.VerifyAlerts" name="verifyAlert1" time="30.571"/>
  <system-out/>
  <testcase classname="TestCase2.VerifyAlerts" name="verifyPageTitle" time="8.339"/>
  <system-out/>
  <testcase classname="TestCase2.VerifyAlerts" name="verifyAlert2" time="81.165"/>
  <system-out/>
  <testcase classname="TestCase2.VerifyAlerts" name="verifyAlert3" time="50.571"/>
  <system-out/>
</testsuite> <!-- TestCase2.VerifyAlerts -->
