<?xml version="1.0" encoding="UTF-8"?>
<!-- Generated by org.testng.reporters.JUnitReportReporter -->
<testsuite hostname="DESKTOP-7GAAMJD" failures="0" tests="1" name="TestCase3.VerifyAllCheckbox" time="61.603" errors="0" timestamp="2023-05-25T00:54:51 IST" skipped="0">
  <testcase classname="TestCase3.VerifyAllCheckbox" name="verifyallcheckbox" time="61.603"/>
  <system-out/>
</testsuite> <!-- TestCase3.VerifyAllCheckbox -->
