<?xml version="1.0" encoding="UTF-8"?>
<!-- Generated by org.testng.reporters.JUnitReportReporter -->
<testsuite hostname="DESKTOP-7GAAMJD" failures="0" tests="1" name="TestCase3.VerifyRedioButton" time="47.963" errors="0" timestamp="2023-05-17T19:52:06 IST" skipped="0">
  <testcase classname="TestCase3.VerifyRedioButton" name="verifyRadioButton" time="47.963"/>
  <system-out/>
</testsuite> <!-- TestCase3.VerifyRedioButton -->
