<?xml version="1.0" encoding="UTF-8"?>
<!-- Generated by org.testng.reporters.JUnitReportReporter -->
<testsuite hostname="DESKTOP-7GAAMJD" failures="0" tests="8" name="TestCase3.VerifyTextBox" time="67.853" errors="0" timestamp="2023-05-16T21:21:12 IST" skipped="0">
  <testcase classname="TestCase3.VerifyTextBox" name="verifySendKeyPermanentAddressText" time="8.460"/>
  <system-out/>
  <testcase classname="TestCase3.VerifyTextBox" name="verifyPermanentAddressText" time="7.568"/>
  <system-out/>
  <testcase classname="TestCase3.VerifyTextBox" name="verifyCurrentAddressText" time="7.713"/>
  <system-out/>
  <testcase classname="TestCase3.VerifyTextBox" name="verifyUsernameText" time="8.634"/>
  <system-out/>
  <testcase classname="TestCase3.VerifyTextBox" name="verifySendKeyCurrentAddressText" time="10.850"/>
  <system-out/>
  <testcase classname="TestCase3.VerifyTextBox" name="verifySendKeyInUsernameText" time="7.919"/>
  <system-out/>
  <testcase classname="TestCase3.VerifyTextBox" name="verifySendKeyEmailText1" time="8.429"/>
  <system-out/>
  <testcase classname="TestCase3.VerifyTextBox" name="verifyEmailText" time="8.280"/>
  <system-out/>
</testsuite> <!-- TestCase3.VerifyTextBox -->
