<?xml version="1.0" encoding="UTF-8"?>
<!-- Generated by org.testng.reporters.JUnitReportReporter -->
<testsuite hostname="DESKTOP-7GAAMJD" failures="0" tests="2" name="TestCase2.VerifyOrangeHrm" time="15.542" errors="0" timestamp="2023-05-14T19:20:19 IST" skipped="0">
  <testcase classname="TestCase2.VerifyOrangeHrm" name="verifyTextField" time="6.018"/>
  <system-out/>
  <testcase classname="TestCase2.VerifyOrangeHrm" name="verifyOrangeHmsusernametext" time="9.524"/>
  <system-out/>
</testsuite> <!-- TestCase2.VerifyOrangeHrm -->
