<?xml version="1.0" encoding="UTF-8"?>
<!-- Generated by org.testng.reporters.JUnitReportReporter -->
<testsuite hostname="DESKTOP-7GAAMJD" failures="0" tests="1" name="TestCase2.VerifyChooseFile" time="16.834" errors="0" timestamp="2023-05-14T14:17:15 IST" skipped="0">
  <testcase classname="TestCase2.VerifyChooseFile" name="verifyUploadFile" time="16.834"/>
  <system-out/>
</testsuite> <!-- TestCase2.VerifyChooseFile -->
