<?xml version="1.0" encoding="UTF-8"?>
<!-- Generated by org.testng.reporters.JUnitReportReporter -->
<testsuite hostname="DESKTOP-7GAAMJD" failures="0" tests="1" name="TestCase4.VerifyDataUsingeExcel" time="16.406" errors="0" timestamp="2023-06-02T17:30:22 IST" skipped="0">
  <testcase classname="TestCase4.VerifyDataUsingeExcel" name="verifySingIn2" time="16.406"/>
  <system-out/>
</testsuite> <!-- TestCase4.VerifyDataUsingeExcel -->
