<?xml version="1.0" encoding="UTF-8"?>
<!-- Generated by org.testng.reporters.JUnitReportReporter -->
<testsuite hostname="DESKTOP-7GAAMJD" failures="0" tests="1" name="TestCase4.VerifyDatePicker" time="13.401" errors="0" timestamp="2023-05-31T17:55:52 IST" skipped="0">
  <testcase classname="TestCase4.VerifyDatePicker" name="verifyDatePicker" time="13.401"/>
  <system-out/>
</testsuite> <!-- TestCase4.VerifyDatePicker -->
