<?xml version="1.0" encoding="UTF-8"?>
<!-- Generated by org.testng.reporters.JUnitReportReporter -->
<testsuite hostname="DESKTOP-7GAAMJD" failures="0" tests="1" name="TestCase3.TakeScreenShot" time="25.428" errors="0" timestamp="2023-05-25T10:49:37 IST" skipped="0">
  <testcase classname="TestCase3.TakeScreenShot" name="VerifyScreenshot" time="25.428"/>
  <system-out/>
</testsuite> <!-- TestCase3.TakeScreenShot -->
