<?xml version="1.0" encoding="UTF-8"?>
<!-- Generated by org.testng.reporters.JUnitReportReporter -->
<testsuite hostname="DESKTOP-7GAAMJD" failures="0" tests="2" name="TestCase3.VerifyCheckBoxes" time="12.092" errors="0" timestamp="2023-05-18T21:19:33 IST" skipped="1">
  <testcase classname="TestCase3.VerifyCheckBoxes" name="VerifyAllCheckbox" time="12.092"/>
  <system-out/>
  <testcase classname="TestCase3.VerifyCheckBoxes" name="VerifySingleCheckbox">
    <skipped/>
  </testcase> <!-- VerifySingleCheckbox -->
  <system-out/>
</testsuite> <!-- TestCase3.VerifyCheckBoxes -->
