<?xml version="1.0" encoding="UTF-8"?>
<!-- Generated by org.testng.reporters.JUnitReportReporter -->
<testsuite hostname="DESKTOP-7GAAMJD" failures="0" tests="1" name="TestCase4.VerifyPageTitle" time="14.052" errors="0" timestamp="2023-06-01T18:27:05 IST" skipped="0">
  <testcase classname="TestCase4.VerifyPageTitle" name="verifyPageTitle" time="14.052"/>
  <system-out/>
</testsuite> <!-- TestCase4.VerifyPageTitle -->
