<?xml version="1.0" encoding="UTF-8"?>
<!-- Generated by org.testng.reporters.JUnitReportReporter -->
<testsuite hostname="DESKTOP-7GAAMJD" failures="0" tests="1" name="TestCase2.CheckBoxes" time="7.419" errors="0" timestamp="2023-05-14T01:19:29 IST" skipped="0">
  <testcase classname="TestCase2.CheckBoxes" name="verifyCheckBox" time="7.419"/>
  <system-out/>
</testsuite> <!-- TestCase2.CheckBoxes -->
