<?xml version="1.0" encoding="UTF-8"?>
<!-- Generated by org.testng.reporters.JUnitReportReporter -->
<testsuite hostname="DESKTOP-7GAAMJD" failures="0" tests="1" name="TestCase2.VerifyMultipleDropdown" time="12.432" errors="0" timestamp="2023-05-08T23:44:43 IST" skipped="0">
  <testcase classname="TestCase2.VerifyMultipleDropdown" name="verifyDropdown" time="12.432"/>
  <system-out/>
</testsuite> <!-- TestCase2.VerifyMultipleDropdown -->
