<?xml version="1.0" encoding="UTF-8"?>
<!-- Generated by org.testng.reporters.JUnitReportReporter -->
<testsuite hostname="DESKTOP-7GAAMJD" failures="0" tests="2" name="TestCase3.VerifyUserUsingUtility" time="15.699" errors="0" timestamp="2023-05-23T00:20:42 IST" skipped="1">
  <testcase classname="TestCase3.VerifyUserUsingUtility" name="verifyUserInformation2" time="15.699"/>
  <system-out/>
  <testcase classname="TestCase3.VerifyUserUsingUtility" name="verifyUserInformation">
    <skipped/>
  </testcase> <!-- verifyUserInformation -->
  <system-out/>
</testsuite> <!-- TestCase3.VerifyUserUsingUtility -->
