<?xml version="1.0" encoding="UTF-8"?>
<!-- Generated by org.testng.reporters.JUnitReportReporter -->
<testsuite hostname="DESKTOP-7GAAMJD" failures="0" tests="1" name="TestCase3.VerifyGetCssValue" time="11.851" errors="0" timestamp="2023-05-27T00:22:20 IST" skipped="0">
  <testcase classname="TestCase3.VerifyGetCssValue" name="verifyGetCssValue" time="11.851"/>
  <system-out/>
</testsuite> <!-- TestCase3.VerifyGetCssValue -->
