<?xml version="1.0" encoding="UTF-8"?>
<!-- Generated by org.testng.reporters.JUnitReportReporter -->
<testsuite hostname="DESKTOP-7GAAMJD" failures="0" tests="1" name="TestCase3.VerifyMailingInformation" time="16.791" errors="0" timestamp="2023-05-26T00:18:05 IST" skipped="0">
  <testcase classname="TestCase3.VerifyMailingInformation" name="verifyMailInformations" time="16.791"/>
  <system-out/>
</testsuite> <!-- TestCase3.VerifyMailingInformation -->
