<?xml version="1.0" encoding="UTF-8"?>
<!-- Generated by org.testng.reporters.JUnitReportReporter -->
<testsuite hostname="DESKTOP-7GAAMJD" failures="0" tests="2" name="TestCase2.VerifyHorreAndClick" time="10.174" errors="0" timestamp="2023-05-10T00:12:03 IST" skipped="1">
  <testcase classname="TestCase2.VerifyHorreAndClick" name="verifyHorrelinkselected" time="10.174"/>
  <system-out/>
  <testcase classname="TestCase2.VerifyHorreAndClick" name="verifyHorreAndClick">
    <skipped/>
  </testcase> <!-- verifyHorreAndClick -->
  <system-out/>
</testsuite> <!-- TestCase2.VerifyHorreAndClick -->
