<?xml version="1.0" encoding="UTF-8"?>
<!-- Generated by org.testng.reporters.JUnitReportReporter -->
<testsuite hostname="DESKTOP-7GAAMJD" failures="0" tests="1" name="TestCase.VerifyApplicationHomePageTitle" time="46.677" errors="0" timestamp="2023-05-12T12:22:48 IST" skipped="0">
  <testcase classname="TestCase.VerifyApplicationHomePageTitle" name="verifyPageTitle" time="46.677"/>
  <system-out/>
</testsuite> <!-- TestCase.VerifyApplicationHomePageTitle -->
