<?xml version="1.0" encoding="UTF-8"?>
<!-- Generated by org.testng.reporters.JUnitReportReporter -->
<testsuite hostname="DESKTOP-7GAAMJD" failures="0" tests="1" name="TestCase3.VerifyWebElementAvailableOrNot" time="34.985" errors="0" timestamp="2023-05-25T23:25:22 IST" skipped="0">
  <testcase classname="TestCase3.VerifyWebElementAvailableOrNot" name="verifyWebElement" time="34.985"/>
  <system-out/>
</testsuite> <!-- TestCase3.VerifyWebElementAvailableOrNot -->
