<?xml version="1.0" encoding="UTF-8"?>
<!-- Generated by org.testng.reporters.JUnitReportReporter -->
<testsuite hostname="DESKTOP-7GAAMJD" failures="0" tests="1" name="TestCase2.ReadTableData" time="27.375" errors="0" timestamp="2023-05-13T00:05:28 IST" skipped="0">
  <testcase classname="TestCase2.ReadTableData" name="verifyTableData" time="27.375"/>
  <system-out/>
</testsuite> <!-- TestCase2.ReadTableData -->
