<?xml version="1.0" encoding="UTF-8"?>
<!-- Generated by org.testng.reporters.JUnitReportReporter -->
<testsuite hostname="DESKTOP-7GAAMJD" failures="0" tests="1" name="TestCase3.VerifyDropdown" time="26.553" errors="0" timestamp="2023-05-21T20:14:45 IST" skipped="0">
  <testcase classname="TestCase3.VerifyDropdown" name="verifyDropDown1" time="26.553"/>
  <system-out/>
</testsuite> <!-- TestCase3.VerifyDropdown -->
