<?xml version="1.0" encoding="UTF-8"?>
<!-- Generated by org.testng.reporters.JUnitReportReporter -->
<testsuite hostname="DESKTOP-7GAAMJD" failures="0" tests="1" name="TestCase2.VerifyDatePicker" time="16.745" errors="0" timestamp="2023-05-13T23:39:57 IST" skipped="0">
  <testcase classname="TestCase2.VerifyDatePicker" name="verifyCorrectDatePicker" time="16.745"/>
  <system-out/>
</testsuite> <!-- TestCase2.VerifyDatePicker -->
