<?xml version="1.0" encoding="UTF-8"?>
<!-- Generated by org.testng.reporters.JUnitReportReporter -->
<testsuite hostname="DESKTOP-7GAAMJD" failures="0" tests="1" name="TestCase2.VerifyNewPageTitle" time="11.262" errors="0" timestamp="2023-05-10T23:54:29 IST" skipped="0">
  <testcase classname="TestCase2.VerifyNewPageTitle" name="VerifyNewToursTitle" time="11.262"/>
  <system-out/>
</testsuite> <!-- TestCase2.VerifyNewPageTitle -->
