<?xml version="1.0" encoding="UTF-8"?>
<!-- Generated by org.testng.reporters.JUnitReportReporter -->
<testsuite hostname="DESKTOP-7GAAMJD" failures="0" tests="1" name="TestCase2.VerifyDragDrop" time="104.250" errors="1" timestamp="2023-05-14T16:01:09 IST" skipped="0">
  <testcase classname="TestCase2.VerifyDragDrop" name="verifyDragAndDrop" time="104.250">
    <error type="java.lang.StackOverflowError">
      <![CDATA[java.lang.StackOverflowError
at java.base/java.util.TreeMap$EntrySpliterator.getComparator(TreeMap.java:3329)
at java.base/java.util.Collections$UnmodifiableMap$UnmodifiableEntrySet$UnmodifiableEntrySetSpliterator.getComparator(Collections.java:1683)
at java.base/java.util.stream.StreamOpFlag.fromCharacteristics(StreamOpFlag.java:751)
at java.base/java.util.stream.StreamSupport.stream(StreamSupport.java:70)
at java.base/java.util.Collections$UnmodifiableMap$UnmodifiableEntrySet.stream(Collections.java:1695)
at org.openqa.selenium.SharedCapabilitiesMethods.abbreviate(SharedCapabilitiesMethods.java:105)
at org.openqa.selenium.SharedCapabilitiesMethods.toString(SharedCapabilitiesMethods.java:78)
at org.openqa.selenium.ImmutableCapabilities.toString(ImmutableCapabilities.java:195)
at org.openqa.selenium.remote.RemoteWebDriver.populateWebDriverException(RemoteWebDriver.java:593)
at org.openqa.selenium.remote.RemoteWebDriver.execute(RemoteWebDriver.java:570)
at org.openqa.selenium.remote.ElementLocation$ElementFinder$2.findElement(ElementLocation.java:162)
at org.openqa.selenium.remote.ElementLocation.findElement(ElementLocation.java:60)
at org.openqa.selenium.remote.RemoteWebDriver.findElement(RemoteWebDriver.java:352)
at org.openqa.selenium.remote.RemoteWebDriver.findElement(RemoteWebDriver.java:344)
at pages2.DragDropPage.setDrop(DragDropPage.java:32)
at pages2.DragDropPage.getDrop(DragDropPage.java:27)
at pages2.DragDropPage.getDrop(DragDropPage.java:28)
at pages2.DragDropPage.getDrop(DragDropPage.java:28)
at pages2.DragDropPage.getDrop(DragDropPage.java:28)
at pages2.DragDropPage.getDrop(DragDropPage.java:28)
at pages2.DragDropPage.getDrop(DragDropPage.java:28)
at pages2.DragDropPage.getDrop(DragDropPage.java:28)
at pages2.DragDropPage.getDrop(DragDropPage.java:28)
at pages2.DragDropPage.getDrop(DragDropPage.java:28)
at pages2.DragDropPage.getDrop(DragDropPage.java:28)
at pages2.DragDropPage.getDrop(DragDropPage.java:28)
at pages2.DragDropPage.getDrop(DragDropPage.java:28)
at pages2.DragDropPage.getDrop(DragDropPage.java:28)
at pages2.DragDropPage.getDrop(DragDropPage.java:28)
at pages2.DragDropPage.getDrop(DragDropPage.java:28)
at pages2.DragDropPage.getDrop(DragDropPage.java:28)
at pages2.DragDropPage.getDrop(DragDropPage.java:28)
at pages2.DragDropPage.getDrop(DragDropPage.java:28)
at pages2.DragDropPage.getDrop(DragDropPage.java:28)
at pages2.DragDropPage.getDrop(DragDropPage.java:28)
at pages2.DragDropPage.getDrop(DragDropPage.java:28)
at pages2.DragDropPage.getDrop(DragDropPage.java:28)
at pages2.DragDropPage.getDrop(DragDropPage.java:28)
at pages2.DragDropPage.getDrop(DragDropPage.java:28)
at pages2.DragDropPage.getDrop(DragDropPage.java:28)
at pages2.DragDropPage.getDrop(DragDropPage.java:28)
at pages2.DragDropPage.getDrop(DragDropPage.java:28)
at pages2.DragDropPage.getDrop(DragDropPage.java:28)
at pages2.DragDropPage.getDrop(DragDropPage.java:28)
at pages2.DragDropPage.getDrop(DragDropPage.java:28)
at pages2.DragDropPage.getDrop(DragDropPage.java:28)
at pages2.DragDropPage.getDrop(DragDropPage.java:28)
at pages2.DragDropPage.getDrop(DragDropPage.java:28)
at pages2.DragDropPage.getDrop(DragDropPage.java:28)
at pages2.DragDropPage.getDrop(DragDropPage.java:28)
at pages2.DragDropPage.getDrop(DragDropPage.java:28)
at pages2.DragDropPage.getDrop(DragDropPage.java:28)
at pages2.DragDropPage.getDrop(DragDropPage.java:28)
at pages2.DragDropPage.getDrop(DragDropPage.java:28)
at pages2.DragDropPage.getDrop(DragDropPage.java:28)
at pages2.DragDropPage.getDrop(DragDropPage.java:28)
at pages2.DragDropPage.getDrop(DragDropPage.java:28)
at pages2.DragDropPage.getDrop(DragDropPage.java:28)
at pages2.DragDropPage.getDrop(DragDropPage.java:28)
at pages2.DragDropPage.getDrop(DragDropPage.java:28)
at pages2.DragDropPage.getDrop(DragDropPage.java:28)
at pages2.DragDropPage.getDrop(DragDropPage.java:28)
at pages2.DragDropPage.getDrop(DragDropPage.java:28)
at pages2.DragDropPage.getDrop(DragDropPage.java:28)
at pages2.DragDropPage.getDrop(DragDropPage.java:28)
at pages2.DragDropPage.getDrop(DragDropPage.java:28)
at pages2.DragDropPage.getDrop(DragDropPage.java:28)
at pages2.DragDropPage.getDrop(DragDropPage.java:28)
at pages2.DragDropPage.getDrop(DragDropPage.java:28)
at pages2.DragDropPage.getDrop(DragDropPage.java:28)
at pages2.DragDropPage.getDrop(DragDropPage.java:28)
at pages2.DragDropPage.getDrop(DragDropPage.java:28)
at pages2.DragDropPage.getDrop(DragDropPage.java:28)
at pages2.DragDropPage.getDrop(DragDropPage.java:28)
at pages2.DragDropPage.getDrop(DragDropPage.java:28)
at pages2.DragDropPage.getDrop(DragDropPage.java:28)
at pages2.DragDropPage.getDrop(DragDropPage.java:28)
at pages2.DragDropPage.getDrop(DragDropPage.java:28)
at pages2.DragDropPage.getDrop(DragDropPage.java:28)
at pages2.DragDropPage.getDrop(DragDropPage.java:28)
at pages2.DragDropPage.getDrop(DragDropPage.java:28)
at pages2.DragDropPage.getDrop(DragDropPage.java:28)
at pages2.DragDropPage.getDrop(DragDropPage.java:28)
at pages2.DragDropPage.getDrop(DragDropPage.java:28)
at pages2.DragDropPage.getDrop(DragDropPage.java:28)
at pages2.DragDropPage.getDrop(DragDropPage.java:28)
at pages2.DragDropPage.getDrop(DragDropPage.java:28)
at pages2.DragDropPage.getDrop(DragDropPage.java:28)
at pages2.DragDropPage.getDrop(DragDropPage.java:28)
at pages2.DragDropPage.getDrop(DragDropPage.java:28)
at pages2.DragDropPage.getDrop(DragDropPage.java:28)
at pages2.DragDropPage.getDrop(DragDropPage.java:28)
at pages2.DragDropPage.getDrop(DragDropPage.java:28)
at pages2.DragDropPage.getDrop(DragDropPage.java:28)
at pages2.DragDropPage.getDrop(DragDropPage.java:28)
at pages2.DragDropPage.getDrop(DragDropPage.java:28)
at pages2.DragDropPage.getDrop(DragDropPage.java:28)
at pages2.DragDropPage.getDrop(DragDropPage.java:28)
at pages2.DragDropPage.getDrop(DragDropPage.java:28)
at pages2.DragDropPage.getDrop(DragDropPage.java:28)
at pages2.DragDropPage.getDrop(DragDropPage.java:28)
at pages2.DragDropPage.getDrop(DragDropPage.java:28)
at pages2.DragDropPage.getDrop(DragDropPage.java:28)
at pages2.DragDropPage.getDrop(DragDropPage.java:28)
at pages2.DragDropPage.getDrop(DragDropPage.java:28)
at pages2.DragDropPage.getDrop(DragDropPage.java:28)
at pages2.DragDropPage.getDrop(DragDropPage.java:28)
at pages2.DragDropPage.getDrop(DragDropPage.java:28)
at pages2.DragDropPage.getDrop(DragDropPage.java:28)
at pages2.DragDropPage.getDrop(DragDropPage.java:28)
at pages2.DragDropPage.getDrop(DragDropPage.java:28)
at pages2.DragDropPage.getDrop(DragDropPage.java:28)
at pages2.DragDropPage.getDrop(DragDropPage.java:28)
at pages2.DragDropPage.getDrop(DragDropPage.java:28)
at pages2.DragDropPage.getDrop(DragDropPage.java:28)
at pages2.DragDropPage.getDrop(DragDropPage.java:28)
at pages2.DragDropPage.getDrop(DragDropPage.java:28)
at pages2.DragDropPage.getDrop(DragDropPage.java:28)
at pages2.DragDropPage.getDrop(DragDropPage.java:28)
at pages2.DragDropPage.getDrop(DragDropPage.java:28)
at pages2.DragDropPage.getDrop(DragDropPage.java:28)
at pages2.DragDropPage.getDrop(DragDropPage.java:28)
at pages2.DragDropPage.getDrop(DragDropPage.java:28)
at pages2.DragDropPage.getDrop(DragDropPage.java:28)
at pages2.DragDropPage.getDrop(DragDropPage.java:28)
at pages2.DragDropPage.getDrop(DragDropPage.java:28)
at pages2.DragDropPage.getDrop(DragDropPage.java:28)
at pages2.DragDropPage.getDrop(DragDropPage.java:28)
at pages2.DragDropPage.getDrop(DragDropPage.java:28)
at pages2.DragDropPage.getDrop(DragDropPage.java:28)
at pages2.DragDropPage.getDrop(DragDropPage.java:28)
at pages2.DragDropPage.getDrop(DragDropPage.java:28)
at pages2.DragDropPage.getDrop(DragDropPage.java:28)
at pages2.DragDropPage.getDrop(DragDropPage.java:28)
at pages2.DragDropPage.getDrop(DragDropPage.java:28)
at pages2.DragDropPage.getDrop(DragDropPage.java:28)
at pages2.DragDropPage.getDrop(DragDropPage.java:28)
at pages2.DragDropPage.getDrop(DragDropPage.java:28)
at pages2.DragDropPage.getDrop(DragDropPage.java:28)
at pages2.DragDropPage.getDrop(DragDropPage.java:28)
at pages2.DragDropPage.getDrop(DragDropPage.java:28)
at pages2.DragDropPage.getDrop(DragDropPage.java:28)
at pages2.DragDropPage.getDrop(DragDropPage.java:28)
at pages2.DragDropPage.getDrop(DragDropPage.java:28)
at pages2.DragDropPage.getDrop(DragDropPage.java:28)
at pages2.DragDropPage.getDrop(DragDropPage.java:28)
at pages2.DragDropPage.getDrop(DragDropPage.java:28)
at pages2.DragDropPage.getDrop(DragDropPage.java:28)
at pages2.DragDropPage.getDrop(DragDropPage.java:28)
at pages2.DragDropPage.getDrop(DragDropPage.java:28)
at pages2.DragDropPage.getDrop(DragDropPage.java:28)
at pages2.DragDropPage.getDrop(DragDropPage.java:28)
at pages2.DragDropPage.getDrop(DragDropPage.java:28)
at pages2.DragDropPage.getDrop(DragDropPage.java:28)
at pages2.DragDropPage.getDrop(DragDropPage.java:28)
at pages2.DragDropPage.getDrop(DragDropPage.java:28)
at pages2.DragDropPage.getDrop(DragDropPage.java:28)
at pages2.DragDropPage.getDrop(DragDropPage.java:28)
at pages2.DragDropPage.getDrop(DragDropPage.java:28)
at pages2.DragDropPage.getDrop(DragDropPage.java:28)
at pages2.DragDropPage.getDrop(DragDropPage.java:28)
at pages2.DragDropPage.getDrop(DragDropPage.java:28)
at pages2.DragDropPage.getDrop(DragDropPage.java:28)
at pages2.DragDropPage.getDrop(DragDropPage.java:28)
at pages2.DragDropPage.getDrop(DragDropPage.java:28)
at pages2.DragDropPage.getDrop(DragDropPage.java:28)
at pages2.DragDropPage.getDrop(DragDropPage.java:28)
at pages2.DragDropPage.getDrop(DragDropPage.java:28)
at pages2.DragDropPage.getDrop(DragDropPage.java:28)
at pages2.DragDropPage.getDrop(DragDropPage.java:28)
at pages2.DragDropPage.getDrop(DragDropPage.java:28)
at pages2.DragDropPage.getDrop(DragDropPage.java:28)
at pages2.DragDropPage.getDrop(DragDropPage.java:28)
at pages2.DragDropPage.getDrop(DragDropPage.java:28)
at pages2.DragDropPage.getDrop(DragDropPage.java:28)
at pages2.DragDropPage.getDrop(DragDropPage.java:28)
at pages2.DragDropPage.getDrop(DragDropPage.java:28)
at pages2.DragDropPage.getDrop(DragDropPage.java:28)
at pages2.DragDropPage.getDrop(DragDropPage.java:28)
at pages2.DragDropPage.getDrop(DragDropPage.java:28)
at pages2.DragDropPage.getDrop(DragDropPage.java:28)
at pages2.DragDropPage.getDrop(DragDropPage.java:28)
at pages2.DragDropPage.getDrop(DragDropPage.java:28)
at pages2.DragDropPage.getDrop(DragDropPage.java:28)
at pages2.DragDropPage.getDrop(DragDropPage.java:28)
at pages2.DragDropPage.getDrop(DragDropPage.java:28)
at pages2.DragDropPage.getDrop(DragDropPage.java:28)
at pages2.DragDropPage.getDrop(DragDropPage.java:28)
at pages2.DragDropPage.getDrop(DragDropPage.java:28)
at pages2.DragDropPage.getDrop(DragDropPage.java:28)
at pages2.DragDropPage.getDrop(DragDropPage.java:28)
at pages2.DragDropPage.getDrop(DragDropPage.java:28)
at pages2.DragDropPage.getDrop(DragDropPage.java:28)
at pages2.DragDropPage.getDrop(DragDropPage.java:28)
at pages2.DragDropPage.getDrop(DragDropPage.java:28)
at pages2.DragDropPage.getDrop(DragDropPage.java:28)
at pages2.DragDropPage.getDrop(DragDropPage.java:28)
at pages2.DragDropPage.getDrop(DragDropPage.java:28)
at pages2.DragDropPage.getDrop(DragDropPage.java:28)
at pages2.DragDropPage.getDrop(DragDropPage.java:28)
at pages2.DragDropPage.getDrop(DragDropPage.java:28)
at pages2.DragDropPage.getDrop(DragDropPage.java:28)
at pages2.DragDropPage.getDrop(DragDropPage.java:28)
at pages2.DragDropPage.getDrop(DragDropPage.java:28)
at pages2.DragDropPage.getDrop(DragDropPage.java:28)
at pages2.DragDropPage.getDrop(DragDropPage.java:28)
at pages2.DragDropPage.getDrop(DragDropPage.java:28)
at pages2.DragDropPage.getDrop(DragDropPage.java:28)
at pages2.DragDropPage.getDrop(DragDropPage.java:28)
at pages2.DragDropPage.getDrop(DragDropPage.java:28)
at pages2.DragDropPage.getDrop(DragDropPage.java:28)
at pages2.DragDropPage.getDrop(DragDropPage.java:28)
at pages2.DragDropPage.getDrop(DragDropPage.java:28)
at pages2.DragDropPage.getDrop(DragDropPage.java:28)
at pages2.DragDropPage.getDrop(DragDropPage.java:28)
at pages2.DragDropPage.getDrop(DragDropPage.java:28)
at pages2.DragDropPage.getDrop(DragDropPage.java:28)
at pages2.DragDropPage.getDrop(DragDropPage.java:28)
at pages2.DragDropPage.getDrop(DragDropPage.java:28)
at pages2.DragDropPage.getDrop(DragDropPage.java:28)
at pages2.DragDropPage.getDrop(DragDropPage.java:28)
at pages2.DragDropPage.getDrop(DragDropPage.java:28)
at pages2.DragDropPage.getDrop(DragDropPage.java:28)
at pages2.DragDropPage.getDrop(DragDropPage.java:28)
at pages2.DragDropPage.getDrop(DragDropPage.java:28)
at pages2.DragDropPage.getDrop(DragDropPage.java:28)
at pages2.DragDropPage.getDrop(DragDropPage.java:28)
at pages2.DragDropPage.getDrop(DragDropPage.java:28)
at pages2.DragDropPage.getDrop(DragDropPage.java:28)
at pages2.DragDropPage.getDrop(DragDropPage.java:28)
at pages2.DragDropPage.getDrop(DragDropPage.java:28)
at pages2.DragDropPage.getDrop(DragDropPage.java:28)
at pages2.DragDropPage.getDrop(DragDropPage.java:28)
at pages2.DragDropPage.getDrop(DragDropPage.java:28)
at pages2.DragDropPage.getDrop(DragDropPage.java:28)
at pages2.DragDropPage.getDrop(DragDropPage.java:28)
at pages2.DragDropPage.getDrop(DragDropPage.java:28)
at pages2.DragDropPage.getDrop(DragDropPage.java:28)
at pages2.DragDropPage.getDrop(DragDropPage.java:28)
at pages2.DragDropPage.getDrop(DragDropPage.java:28)
at pages2.DragDropPage.getDrop(DragDropPage.java:28)
at pages2.DragDropPage.getDrop(DragDropPage.java:28)
at pages2.DragDropPage.getDrop(DragDropPage.java:28)
at pages2.DragDropPage.getDrop(DragDropPage.java:28)
at pages2.DragDropPage.getDrop(DragDropPage.java:28)
at pages2.DragDropPage.getDrop(DragDropPage.java:28)
at pages2.DragDropPage.getDrop(DragDropPage.java:28)
at pages2.DragDropPage.getDrop(DragDropPage.java:28)
at pages2.DragDropPage.getDrop(DragDropPage.java:28)
at pages2.DragDropPage.getDrop(DragDropPage.java:28)
at pages2.DragDropPage.getDrop(DragDropPage.java:28)
at pages2.DragDropPage.getDrop(DragDropPage.java:28)
at pages2.DragDropPage.getDrop(DragDropPage.java:28)
at pages2.DragDropPage.getDrop(DragDropPage.java:28)
at pages2.DragDropPage.getDrop(DragDropPage.java:28)
at pages2.DragDropPage.getDrop(DragDropPage.java:28)
at pages2.DragDropPage.getDrop(DragDropPage.java:28)
at pages2.DragDropPage.getDrop(DragDropPage.java:28)
at pages2.DragDropPage.getDrop(DragDropPage.java:28)
at pages2.DragDropPage.getDrop(DragDropPage.java:28)
at pages2.DragDropPage.getDrop(DragDropPage.java:28)
at pages2.DragDropPage.getDrop(DragDropPage.java:28)
at pages2.DragDropPage.getDrop(DragDropPage.java:28)
at pages2.DragDropPage.getDrop(DragDropPage.java:28)
at pages2.DragDropPage.getDrop(DragDropPage.java:28)
at pages2.DragDropPage.getDrop(DragDropPage.java:28)
at pages2.DragDropPage.getDrop(DragDropPage.java:28)
at pages2.DragDropPage.getDrop(DragDropPage.java:28)
at pages2.DragDropPage.getDrop(DragDropPage.java:28)
at pages2.DragDropPage.getDrop(DragDropPage.java:28)
at pages2.DragDropPage.getDrop(DragDropPage.java:28)
at pages2.DragDropPage.getDrop(DragDropPage.java:28)
at pages2.DragDropPage.getDrop(DragDropPage.java:28)
at pages2.DragDropPage.getDrop(DragDropPage.java:28)
at pages2.DragDropPage.getDrop(DragDropPage.java:28)
at pages2.DragDropPage.getDrop(DragDropPage.java:28)
at pages2.DragDropPage.getDrop(DragDropPage.java:28)
at pages2.DragDropPage.getDrop(DragDropPage.java:28)
at pages2.DragDropPage.getDrop(DragDropPage.java:28)
at pages2.DragDropPage.getDrop(DragDropPage.java:28)
at pages2.DragDropPage.getDrop(DragDropPage.java:28)
at pages2.DragDropPage.getDrop(DragDropPage.java:28)
at pages2.DragDropPage.getDrop(DragDropPage.java:28)
at pages2.DragDropPage.getDrop(DragDropPage.java:28)
at pages2.DragDropPage.getDrop(DragDropPage.java:28)
at pages2.DragDropPage.getDrop(DragDropPage.java:28)
at pages2.DragDropPage.getDrop(DragDropPage.java:28)
at pages2.DragDropPage.getDrop(DragDropPage.java:28)
at pages2.DragDropPage.getDrop(DragDropPage.java:28)
at pages2.DragDropPage.getDrop(DragDropPage.java:28)
at pages2.DragDropPage.getDrop(DragDropPage.java:28)
at pages2.DragDropPage.getDrop(DragDropPage.java:28)
at pages2.DragDropPage.getDrop(DragDropPage.java:28)
at pages2.DragDropPage.getDrop(DragDropPage.java:28)
at pages2.DragDropPage.getDrop(DragDropPage.java:28)
at pages2.DragDropPage.getDrop(DragDropPage.java:28)
at pages2.DragDropPage.getDrop(DragDropPage.java:28)
at pages2.DragDropPage.getDrop(DragDropPage.java:28)
at pages2.DragDropPage.getDrop(DragDropPage.java:28)
at pages2.DragDropPage.getDrop(DragDropPage.java:28)
at pages2.DragDropPage.getDrop(DragDropPage.java:28)
at pages2.DragDropPage.getDrop(DragDropPage.java:28)
at pages2.DragDropPage.getDrop(DragDropPage.java:28)
at pages2.DragDropPage.getDrop(DragDropPage.java:28)
at pages2.DragDropPage.getDrop(DragDropPage.java:28)
at pages2.DragDropPage.getDrop(DragDropPage.java:28)
at pages2.DragDropPage.getDrop(DragDropPage.java:28)
at pages2.DragDropPage.getDrop(DragDropPage.java:28)
at pages2.DragDropPage.getDrop(DragDropPage.java:28)
at pages2.DragDropPage.getDrop(DragDropPage.java:28)
at pages2.DragDropPage.getDrop(DragDropPage.java:28)
at pages2.DragDropPage.getDrop(DragDropPage.java:28)
at pages2.DragDropPage.getDrop(DragDropPage.java:28)
at pages2.DragDropPage.getDrop(DragDropPage.java:28)
at pages2.DragDropPage.getDrop(DragDropPage.java:28)
at pages2.DragDropPage.getDrop(DragDropPage.java:28)
at pages2.DragDropPage.getDrop(DragDropPage.java:28)
at pages2.DragDropPage.getDrop(DragDropPage.java:28)
at pages2.DragDropPage.getDrop(DragDropPage.java:28)
at pages2.DragDropPage.getDrop(DragDropPage.java:28)
at pages2.DragDropPage.getDrop(DragDropPage.java:28)
at pages2.DragDropPage.getDrop(DragDropPage.java:28)
at pages2.DragDropPage.getDrop(DragDropPage.java:28)
at pages2.DragDropPage.getDrop(DragDropPage.java:28)
at pages2.DragDropPage.getDrop(DragDropPage.java:28)
at pages2.DragDropPage.getDrop(DragDropPage.java:28)
at pages2.DragDropPage.getDrop(DragDropPage.java:28)
at pages2.DragDropPage.getDrop(DragDropPage.java:28)
at pages2.DragDropPage.getDrop(DragDropPage.java:28)
at pages2.DragDropPage.getDrop(DragDropPage.java:28)
at pages2.DragDropPage.getDrop(DragDropPage.java:28)
at pages2.DragDropPage.getDrop(DragDropPage.java:28)
at pages2.DragDropPage.getDrop(DragDropPage.java:28)
at pages2.DragDropPage.getDrop(DragDropPage.java:28)
at pages2.DragDropPage.getDrop(DragDropPage.java:28)
at pages2.DragDropPage.getDrop(DragDropPage.java:28)
at pages2.DragDropPage.getDrop(DragDropPage.java:28)
at pages2.DragDropPage.getDrop(DragDropPage.java:28)
at pages2.DragDropPage.getDrop(DragDropPage.java:28)
at pages2.DragDropPage.getDrop(DragDropPage.java:28)
at pages2.DragDropPage.getDrop(DragDropPage.java:28)
at pages2.DragDropPage.getDrop(DragDropPage.java:28)
at pages2.DragDropPage.getDrop(DragDropPage.java:28)
at pages2.DragDropPage.getDrop(DragDropPage.java:28)
at pages2.DragDropPage.getDrop(DragDropPage.java:28)
at pages2.DragDropPage.getDrop(DragDropPage.java:28)
at pages2.DragDropPage.getDrop(DragDropPage.java:28)
at pages2.DragDropPage.getDrop(DragDropPage.java:28)
at pages2.DragDropPage.getDrop(DragDropPage.java:28)
at pages2.DragDropPage.getDrop(DragDropPage.java:28)
at pages2.DragDropPage.getDrop(DragDropPage.java:28)
at pages2.DragDropPage.getDrop(DragDropPage.java:28)
at pages2.DragDropPage.getDrop(DragDropPage.java:28)
at pages2.DragDropPage.getDrop(DragDropPage.java:28)
at pages2.DragDropPage.getDrop(DragDropPage.java:28)
at pages2.DragDropPage.getDrop(DragDropPage.java:28)
at pages2.DragDropPage.getDrop(DragDropPage.java:28)
at pages2.DragDropPage.getDrop(DragDropPage.java:28)
at pages2.DragDropPage.getDrop(DragDropPage.java:28)
at pages2.DragDropPage.getDrop(DragDropPage.java:28)
at pages2.DragDropPage.getDrop(DragDropPage.java:28)
at pages2.DragDropPage.getDrop(DragDropPage.java:28)
at pages2.DragDropPage.getDrop(DragDropPage.java:28)
at pages2.DragDropPage.getDrop(DragDropPage.java:28)
at pages2.DragDropPage.getDrop(DragDropPage.java:28)
at pages2.DragDropPage.getDrop(DragDropPage.java:28)
at pages2.DragDropPage.getDrop(DragDropPage.java:28)
at pages2.DragDropPage.getDrop(DragDropPage.java:28)
at pages2.DragDropPage.getDrop(DragDropPage.java:28)
at pages2.DragDropPage.getDrop(DragDropPage.java:28)
at pages2.DragDropPage.getDrop(DragDropPage.java:28)
at pages2.DragDropPage.getDrop(DragDropPage.java:28)
at pages2.DragDropPage.getDrop(DragDropPage.java:28)
at pages2.DragDropPage.getDrop(DragDropPage.java:28)
at pages2.DragDropPage.getDrop(DragDropPage.java:28)
at pages2.DragDropPage.getDrop(DragDropPage.java:28)
at pages2.DragDropPage.getDrop(DragDropPage.java:28)
at pages2.DragDropPage.getDrop(DragDropPage.java:28)
at pages2.DragDropPage.getDrop(DragDropPage.java:28)
at pages2.DragDropPage.getDrop(DragDropPage.java:28)
at pages2.DragDropPage.getDrop(DragDropPage.java:28)
at pages2.DragDropPage.getDrop(DragDropPage.java:28)
at pages2.DragDropPage.getDrop(DragDropPage.java:28)
at pages2.DragDropPage.getDrop(DragDropPage.java:28)
at pages2.DragDropPage.getDrop(DragDropPage.java:28)
at pages2.DragDropPage.getDrop(DragDropPage.java:28)
at pages2.DragDropPage.getDrop(DragDropPage.java:28)
at pages2.DragDropPage.getDrop(DragDropPage.java:28)
at pages2.DragDropPage.getDrop(DragDropPage.java:28)
at pages2.DragDropPage.getDrop(DragDropPage.java:28)
at pages2.DragDropPage.getDrop(DragDropPage.java:28)
at pages2.DragDropPage.getDrop(DragDropPage.java:28)
at pages2.DragDropPage.getDrop(DragDropPage.java:28)
at pages2.DragDropPage.getDrop(DragDropPage.java:28)
at pages2.DragDropPage.getDrop(DragDropPage.java:28)
at pages2.DragDropPage.getDrop(DragDropPage.java:28)
at pages2.DragDropPage.getDrop(DragDropPage.java:28)
at pages2.DragDropPage.getDrop(DragDropPage.java:28)
at pages2.DragDropPage.getDrop(DragDropPage.java:28)
at pages2.DragDropPage.getDrop(DragDropPage.java:28)
at pages2.DragDropPage.getDrop(DragDropPage.java:28)
at pages2.DragDropPage.getDrop(DragDropPage.java:28)
at pages2.DragDropPage.getDrop(DragDropPage.java:28)
at pages2.DragDropPage.getDrop(DragDropPage.java:28)
at pages2.DragDropPage.getDrop(DragDropPage.java:28)
at pages2.DragDropPage.getDrop(DragDropPage.java:28)
at pages2.DragDropPage.getDrop(DragDropPage.java:28)
at pages2.DragDropPage.getDrop(DragDropPage.java:28)
at pages2.DragDropPage.getDrop(DragDropPage.java:28)
at pages2.DragDropPage.getDrop(DragDropPage.java:28)
at pages2.DragDropPage.getDrop(DragDropPage.java:28)
at pages2.DragDropPage.getDrop(DragDropPage.java:28)
at pages2.DragDropPage.getDrop(DragDropPage.java:28)
at pages2.DragDropPage.getDrop(DragDropPage.java:28)
at pages2.DragDropPage.getDrop(DragDropPage.java:28)
at pages2.DragDropPage.getDrop(DragDropPage.java:28)
at pages2.DragDropPage.getDrop(DragDropPage.java:28)
at pages2.DragDropPage.getDrop(DragDropPage.java:28)
at pages2.DragDropPage.getDrop(DragDropPage.java:28)
at pages2.DragDropPage.getDrop(DragDropPage.java:28)
at pages2.DragDropPage.getDrop(DragDropPage.java:28)
at pages2.DragDropPage.getDrop(DragDropPage.java:28)
at pages2.DragDropPage.getDrop(DragDropPage.java:28)
at pages2.DragDropPage.getDrop(DragDropPage.java:28)
at pages2.DragDropPage.getDrop(DragDropPage.java:28)
at pages2.DragDropPage.getDrop(DragDropPage.java:28)
at pages2.DragDropPage.getDrop(DragDropPage.java:28)
at pages2.DragDropPage.getDrop(DragDropPage.java:28)
at pages2.DragDropPage.getDrop(DragDropPage.java:28)
at pages2.DragDropPage.getDrop(DragDropPage.java:28)
at pages2.DragDropPage.getDrop(DragDropPage.java:28)
at pages2.DragDropPage.getDrop(DragDropPage.java:28)
at pages2.DragDropPage.getDrop(DragDropPage.java:28)
at pages2.DragDropPage.getDrop(DragDropPage.java:28)
at pages2.DragDropPage.getDrop(DragDropPage.java:28)
at pages2.DragDropPage.getDrop(DragDropPage.java:28)
at pages2.DragDropPage.getDrop(DragDropPage.java:28)
at pages2.DragDropPage.getDrop(DragDropPage.java:28)
at pages2.DragDropPage.getDrop(DragDropPage.java:28)
at pages2.DragDropPage.getDrop(DragDropPage.java:28)
at pages2.DragDropPage.getDrop(DragDropPage.java:28)
at pages2.DragDropPage.getDrop(DragDropPage.java:28)
at pages2.DragDropPage.getDrop(DragDropPage.java:28)
at pages2.DragDropPage.getDrop(DragDropPage.java:28)
at pages2.DragDropPage.getDrop(DragDropPage.java:28)
at pages2.DragDropPage.getDrop(DragDropPage.java:28)
at pages2.DragDropPage.getDrop(DragDropPage.java:28)
at pages2.DragDropPage.getDrop(DragDropPage.java:28)
at pages2.DragDropPage.getDrop(DragDropPage.java:28)
at pages2.DragDropPage.getDrop(DragDropPage.java:28)
at pages2.DragDropPage.getDrop(DragDropPage.java:28)
at pages2.DragDropPage.getDrop(DragDropPage.java:28)
at pages2.DragDropPage.getDrop(DragDropPage.java:28)
at pages2.DragDropPage.getDrop(DragDropPage.java:28)
at pages2.DragDropPage.getDrop(DragDropPage.java:28)
at pages2.DragDropPage.getDrop(DragDropPage.java:28)
at pages2.DragDropPage.getDrop(DragDropPage.java:28)
at pages2.DragDropPage.getDrop(DragDropPage.java:28)
at pages2.DragDropPage.getDrop(DragDropPage.java:28)
at pages2.DragDropPage.getDrop(DragDropPage.java:28)
at pages2.DragDropPage.getDrop(DragDropPage.java:28)
at pages2.DragDropPage.getDrop(DragDropPage.java:28)
at pages2.DragDropPage.getDrop(DragDropPage.java:28)
at pages2.DragDropPage.getDrop(DragDropPage.java:28)
at pages2.DragDropPage.getDrop(DragDropPage.java:28)
at pages2.DragDropPage.getDrop(DragDropPage.java:28)
at pages2.DragDropPage.getDrop(DragDropPage.java:28)
at pages2.DragDropPage.getDrop(DragDropPage.java:28)
at pages2.DragDropPage.getDrop(DragDropPage.java:28)
at pages2.DragDropPage.getDrop(DragDropPage.java:28)
at pages2.DragDropPage.getDrop(DragDropPage.java:28)
at pages2.DragDropPage.getDrop(DragDropPage.java:28)
at pages2.DragDropPage.getDrop(DragDropPage.java:28)
at pages2.DragDropPage.getDrop(DragDropPage.java:28)
at pages2.DragDropPage.getDrop(DragDropPage.java:28)
at pages2.DragDropPage.getDrop(DragDropPage.java:28)
at pages2.DragDropPage.getDrop(DragDropPage.java:28)
at pages2.DragDropPage.getDrop(DragDropPage.java:28)
at pages2.DragDropPage.getDrop(DragDropPage.java:28)
at pages2.DragDropPage.getDrop(DragDropPage.java:28)
at pages2.DragDropPage.getDrop(DragDropPage.java:28)
at pages2.DragDropPage.getDrop(DragDropPage.java:28)
at pages2.DragDropPage.getDrop(DragDropPage.java:28)
at pages2.DragDropPage.getDrop(DragDropPage.java:28)
at pages2.DragDropPage.getDrop(DragDropPage.java:28)
at pages2.DragDropPage.getDrop(DragDropPage.java:28)
at pages2.DragDropPage.getDrop(DragDropPage.java:28)
at pages2.DragDropPage.getDrop(DragDropPage.java:28)
at pages2.DragDropPage.getDrop(DragDropPage.java:28)
at pages2.DragDropPage.getDrop(DragDropPage.java:28)
at pages2.DragDropPage.getDrop(DragDropPage.java:28)
at pages2.DragDropPage.getDrop(DragDropPage.java:28)
at pages2.DragDropPage.getDrop(DragDropPage.java:28)
at pages2.DragDropPage.getDrop(DragDropPage.java:28)
at pages2.DragDropPage.getDrop(DragDropPage.java:28)
at pages2.DragDropPage.getDrop(DragDropPage.java:28)
at pages2.DragDropPage.getDrop(DragDropPage.java:28)
at pages2.DragDropPage.getDrop(DragDropPage.java:28)
at pages2.DragDropPage.getDrop(DragDropPage.java:28)
at pages2.DragDropPage.getDrop(DragDropPage.java:28)
at pages2.DragDropPage.getDrop(DragDropPage.java:28)
at pages2.DragDropPage.getDrop(DragDropPage.java:28)
at pages2.DragDropPage.getDrop(DragDropPage.java:28)
at pages2.DragDropPage.getDrop(DragDropPage.java:28)
at pages2.DragDropPage.getDrop(DragDropPage.java:28)
at pages2.DragDropPage.getDrop(DragDropPage.java:28)
at pages2.DragDropPage.getDrop(DragDropPage.java:28)
at pages2.DragDropPage.getDrop(DragDropPage.java:28)
at pages2.DragDropPage.getDrop(DragDropPage.java:28)
at pages2.DragDropPage.getDrop(DragDropPage.java:28)
at pages2.DragDropPage.getDrop(DragDropPage.java:28)
at pages2.DragDropPage.getDrop(DragDropPage.java:28)
at pages2.DragDropPage.getDrop(DragDropPage.java:28)
at pages2.DragDropPage.getDrop(DragDropPage.java:28)
at pages2.DragDropPage.getDrop(DragDropPage.java:28)
at pages2.DragDropPage.getDrop(DragDropPage.java:28)
at pages2.DragDropPage.getDrop(DragDropPage.java:28)
at pages2.DragDropPage.getDrop(DragDropPage.java:28)
at pages2.DragDropPage.getDrop(DragDropPage.java:28)
at pages2.DragDropPage.getDrop(DragDropPage.java:28)
at pages2.DragDropPage.getDrop(DragDropPage.java:28)
at pages2.DragDropPage.getDrop(DragDropPage.java:28)
at pages2.DragDropPage.getDrop(DragDropPage.java:28)
at pages2.DragDropPage.getDrop(DragDropPage.java:28)
at pages2.DragDropPage.getDrop(DragDropPage.java:28)
at pages2.DragDropPage.getDrop(DragDropPage.java:28)
at pages2.DragDropPage.getDrop(DragDropPage.java:28)
at pages2.DragDropPage.getDrop(DragDropPage.java:28)
at pages2.DragDropPage.getDrop(DragDropPage.java:28)
at pages2.DragDropPage.getDrop(DragDropPage.java:28)
at pages2.DragDropPage.getDrop(DragDropPage.java:28)
at pages2.DragDropPage.getDrop(DragDropPage.java:28)
at pages2.DragDropPage.getDrop(DragDropPage.java:28)
at pages2.DragDropPage.getDrop(DragDropPage.java:28)
at pages2.DragDropPage.getDrop(DragDropPage.java:28)
at pages2.DragDropPage.getDrop(DragDropPage.java:28)
at pages2.DragDropPage.getDrop(DragDropPage.java:28)
at pages2.DragDropPage.getDrop(DragDropPage.java:28)
at pages2.DragDropPage.getDrop(DragDropPage.java:28)
at pages2.DragDropPage.getDrop(DragDropPage.java:28)
at pages2.DragDropPage.getDrop(DragDropPage.java:28)
at pages2.DragDropPage.getDrop(DragDropPage.java:28)
at pages2.DragDropPage.getDrop(DragDropPage.java:28)
at pages2.DragDropPage.getDrop(DragDropPage.java:28)
at pages2.DragDropPage.getDrop(DragDropPage.java:28)
at pages2.DragDropPage.getDrop(DragDropPage.java:28)
at pages2.DragDropPage.getDrop(DragDropPage.java:28)
at pages2.DragDropPage.getDrop(DragDropPage.java:28)
at pages2.DragDropPage.getDrop(DragDropPage.java:28)
at pages2.DragDropPage.getDrop(DragDropPage.java:28)
at pages2.DragDropPage.getDrop(DragDropPage.java:28)
at pages2.DragDropPage.getDrop(DragDropPage.java:28)
at pages2.DragDropPage.getDrop(DragDropPage.java:28)
at pages2.DragDropPage.getDrop(DragDropPage.java:28)
at pages2.DragDropPage.getDrop(DragDropPage.java:28)
at pages2.DragDropPage.getDrop(DragDropPage.java:28)
at pages2.DragDropPage.getDrop(DragDropPage.java:28)
at pages2.DragDropPage.getDrop(DragDropPage.java:28)
at pages2.DragDropPage.getDrop(DragDropPage.java:28)
at pages2.DragDropPage.getDrop(DragDropPage.java:28)
at pages2.DragDropPage.getDrop(DragDropPage.java:28)
at pages2.DragDropPage.getDrop(DragDropPage.java:28)
at pages2.DragDropPage.getDrop(DragDropPage.java:28)
at pages2.DragDropPage.getDrop(DragDropPage.java:28)
at pages2.DragDropPage.getDrop(DragDropPage.java:28)
at pages2.DragDropPage.getDrop(DragDropPage.java:28)
at pages2.DragDropPage.getDrop(DragDropPage.java:28)
at pages2.DragDropPage.getDrop(DragDropPage.java:28)
at pages2.DragDropPage.getDrop(DragDropPage.java:28)
at pages2.DragDropPage.getDrop(DragDropPage.java:28)
at pages2.DragDropPage.getDrop(DragDropPage.java:28)
at pages2.DragDropPage.getDrop(DragDropPage.java:28)
at pages2.DragDropPage.getDrop(DragDropPage.java:28)
at pages2.DragDropPage.getDrop(DragDropPage.java:28)
at pages2.DragDropPage.getDrop(DragDropPage.java:28)
at pages2.DragDropPage.getDrop(DragDropPage.java:28)
at pages2.DragDropPage.getDrop(DragDropPage.java:28)
at pages2.DragDropPage.getDrop(DragDropPage.java:28)
at pages2.DragDropPage.getDrop(DragDropPage.java:28)
at pages2.DragDropPage.getDrop(DragDropPage.java:28)
at pages2.DragDropPage.getDrop(DragDropPage.java:28)
at pages2.DragDropPage.getDrop(DragDropPage.java:28)
at pages2.DragDropPage.getDrop(DragDropPage.java:28)
at pages2.DragDropPage.getDrop(DragDropPage.java:28)
at pages2.DragDropPage.getDrop(DragDropPage.java:28)
at pages2.DragDropPage.getDrop(DragDropPage.java:28)
at pages2.DragDropPage.getDrop(DragDropPage.java:28)
at pages2.DragDropPage.getDrop(DragDropPage.java:28)
at pages2.DragDropPage.getDrop(DragDropPage.java:28)
at pages2.DragDropPage.getDrop(DragDropPage.java:28)
at pages2.DragDropPage.getDrop(DragDropPage.java:28)
at pages2.DragDropPage.getDrop(DragDropPage.java:28)
at pages2.DragDropPage.getDrop(DragDropPage.java:28)
at pages2.DragDropPage.getDrop(DragDropPage.java:28)
at pages2.DragDropPage.getDrop(DragDropPage.java:28)
at pages2.DragDropPage.getDrop(DragDropPage.java:28)
at pages2.DragDropPage.getDrop(DragDropPage.java:28)
at pages2.DragDropPage.getDrop(DragDropPage.java:28)
at pages2.DragDropPage.getDrop(DragDropPage.java:28)
at pages2.DragDropPage.getDrop(DragDropPage.java:28)
at pages2.DragDropPage.getDrop(DragDropPage.java:28)
at pages2.DragDropPage.getDrop(DragDropPage.java:28)
at pages2.DragDropPage.getDrop(DragDropPage.java:28)
at pages2.DragDropPage.getDrop(DragDropPage.java:28)
at pages2.DragDropPage.getDrop(DragDropPage.java:28)
at pages2.DragDropPage.getDrop(DragDropPage.java:28)
at pages2.DragDropPage.getDrop(DragDropPage.java:28)
at pages2.DragDropPage.getDrop(DragDropPage.java:28)
at pages2.DragDropPage.getDrop(DragDropPage.java:28)
at pages2.DragDropPage.getDrop(DragDropPage.java:28)
at pages2.DragDropPage.getDrop(DragDropPage.java:28)
at pages2.DragDropPage.getDrop(DragDropPage.java:28)
at pages2.DragDropPage.getDrop(DragDropPage.java:28)
at pages2.DragDropPage.getDrop(DragDropPage.java:28)
at pages2.DragDropPage.getDrop(DragDropPage.java:28)
at pages2.DragDropPage.getDrop(DragDropPage.java:28)
at pages2.DragDropPage.getDrop(DragDropPage.java:28)
at pages2.DragDropPage.getDrop(DragDropPage.java:28)
at pages2.DragDropPage.getDrop(DragDropPage.java:28)
at pages2.DragDropPage.getDrop(DragDropPage.java:28)
at pages2.DragDropPage.getDrop(DragDropPage.java:28)
at pages2.DragDropPage.getDrop(DragDropPage.java:28)
at pages2.DragDropPage.getDrop(DragDropPage.java:28)
at pages2.DragDropPage.getDrop(DragDropPage.java:28)
at pages2.DragDropPage.getDrop(DragDropPage.java:28)
at pages2.DragDropPage.getDrop(DragDropPage.java:28)
at pages2.DragDropPage.getDrop(DragDropPage.java:28)
at pages2.DragDropPage.getDrop(DragDropPage.java:28)
at pages2.DragDropPage.getDrop(DragDropPage.java:28)
at pages2.DragDropPage.getDrop(DragDropPage.java:28)
at pages2.DragDropPage.getDrop(DragDropPage.java:28)
at pages2.DragDropPage.getDrop(DragDropPage.java:28)
at pages2.DragDropPage.getDrop(DragDropPage.java:28)
at pages2.DragDropPage.getDrop(DragDropPage.java:28)
at pages2.DragDropPage.getDrop(DragDropPage.java:28)
at pages2.DragDropPage.getDrop(DragDropPage.java:28)
at pages2.DragDropPage.getDrop(DragDropPage.java:28)
at pages2.DragDropPage.getDrop(DragDropPage.java:28)
at pages2.DragDropPage.getDrop(DragDropPage.java:28)
at pages2.DragDropPage.getDrop(DragDropPage.java:28)
at pages2.DragDropPage.getDrop(DragDropPage.java:28)
at pages2.DragDropPage.getDrop(DragDropPage.java:28)
at pages2.DragDropPage.getDrop(DragDropPage.java:28)
at pages2.DragDropPage.getDrop(DragDropPage.java:28)
at pages2.DragDropPage.getDrop(DragDropPage.java:28)
at pages2.DragDropPage.getDrop(DragDropPage.java:28)
at pages2.DragDropPage.getDrop(DragDropPage.java:28)
at pages2.DragDropPage.getDrop(DragDropPage.java:28)
at pages2.DragDropPage.getDrop(DragDropPage.java:28)
at pages2.DragDropPage.getDrop(DragDropPage.java:28)
at pages2.DragDropPage.getDrop(DragDropPage.java:28)
at pages2.DragDropPage.getDrop(DragDropPage.java:28)
at pages2.DragDropPage.getDrop(DragDropPage.java:28)
at pages2.DragDropPage.getDrop(DragDropPage.java:28)
at pages2.DragDropPage.getDrop(DragDropPage.java:28)
at pages2.DragDropPage.getDrop(DragDropPage.java:28)
at pages2.DragDropPage.getDrop(DragDropPage.java:28)
at pages2.DragDropPage.getDrop(DragDropPage.java:28)
at pages2.DragDropPage.getDrop(DragDropPage.java:28)
at pages2.DragDropPage.getDrop(DragDropPage.java:28)
at pages2.DragDropPage.getDrop(DragDropPage.java:28)
at pages2.DragDropPage.getDrop(DragDropPage.java:28)
at pages2.DragDropPage.getDrop(DragDropPage.java:28)
at pages2.DragDropPage.getDrop(DragDropPage.java:28)
at pages2.DragDropPage.getDrop(DragDropPage.java:28)
at pages2.DragDropPage.getDrop(DragDropPage.java:28)
at pages2.DragDropPage.getDrop(DragDropPage.java:28)
at pages2.DragDropPage.getDrop(DragDropPage.java:28)
at pages2.DragDropPage.getDrop(DragDropPage.java:28)
at pages2.DragDropPage.getDrop(DragDropPage.java:28)
at pages2.DragDropPage.getDrop(DragDropPage.java:28)
at pages2.DragDropPage.getDrop(DragDropPage.java:28)
at pages2.DragDropPage.getDrop(DragDropPage.java:28)
at pages2.DragDropPage.getDrop(DragDropPage.java:28)
at pages2.DragDropPage.getDrop(DragDropPage.java:28)
at pages2.DragDropPage.getDrop(DragDropPage.java:28)
at pages2.DragDropPage.getDrop(DragDropPage.java:28)
at pages2.DragDropPage.getDrop(DragDropPage.java:28)
at pages2.DragDropPage.getDrop(DragDropPage.java:28)
at pages2.DragDropPage.getDrop(DragDropPage.java:28)
at pages2.DragDropPage.getDrop(DragDropPage.java:28)
at pages2.DragDropPage.getDrop(DragDropPage.java:28)
at pages2.DragDropPage.getDrop(DragDropPage.java:28)
at pages2.DragDropPage.getDrop(DragDropPage.java:28)
at pages2.DragDropPage.getDrop(DragDropPage.java:28)
at pages2.DragDropPage.getDrop(DragDropPage.java:28)
at pages2.DragDropPage.getDrop(DragDropPage.java:28)
at pages2.DragDropPage.getDrop(DragDropPage.java:28)
at pages2.DragDropPage.getDrop(DragDropPage.java:28)
at pages2.DragDropPage.getDrop(DragDropPage.java:28)
at pages2.DragDropPage.getDrop(DragDropPage.java:28)
at pages2.DragDropPage.getDrop(DragDropPage.java:28)
at pages2.DragDropPage.getDrop(DragDropPage.java:28)
at pages2.DragDropPage.getDrop(DragDropPage.java:28)
at pages2.DragDropPage.getDrop(DragDropPage.java:28)
at pages2.DragDropPage.getDrop(DragDropPage.java:28)
at pages2.DragDropPage.getDrop(DragDropPage.java:28)
at pages2.DragDropPage.getDrop(DragDropPage.java:28)
at pages2.DragDropPage.getDrop(DragDropPage.java:28)
at pages2.DragDropPage.getDrop(DragDropPage.java:28)
at pages2.DragDropPage.getDrop(DragDropPage.java:28)
at pages2.DragDropPage.getDrop(DragDropPage.java:28)
at pages2.DragDropPage.getDrop(DragDropPage.java:28)
at pages2.DragDropPage.getDrop(DragDropPage.java:28)
at pages2.DragDropPage.getDrop(DragDropPage.java:28)
at pages2.DragDropPage.getDrop(DragDropPage.java:28)
at pages2.DragDropPage.getDrop(DragDropPage.java:28)
at pages2.DragDropPage.getDrop(DragDropPage.java:28)
at pages2.DragDropPage.getDrop(DragDropPage.java:28)
at pages2.DragDropPage.getDrop(DragDropPage.java:28)
at pages2.DragDropPage.getDrop(DragDropPage.java:28)
at pages2.DragDropPage.getDrop(DragDropPage.java:28)
at pages2.DragDropPage.getDrop(DragDropPage.java:28)
at pages2.DragDropPage.getDrop(DragDropPage.java:28)
at pages2.DragDropPage.getDrop(DragDropPage.java:28)
at pages2.DragDropPage.getDrop(DragDropPage.java:28)
at pages2.DragDropPage.getDrop(DragDropPage.java:28)
at pages2.DragDropPage.getDrop(DragDropPage.java:28)
at pages2.DragDropPage.getDrop(DragDropPage.java:28)
at pages2.DragDropPage.getDrop(DragDropPage.java:28)
at pages2.DragDropPage.getDrop(DragDropPage.java:28)
at pages2.DragDropPage.getDrop(DragDropPage.java:28)
at pages2.DragDropPage.getDrop(DragDropPage.java:28)
at pages2.DragDropPage.getDrop(DragDropPage.java:28)
at pages2.DragDropPage.getDrop(DragDropPage.java:28)
at pages2.DragDropPage.getDrop(DragDropPage.java:28)
at pages2.DragDropPage.getDrop(DragDropPage.java:28)
at pages2.DragDropPage.getDrop(DragDropPage.java:28)
at pages2.DragDropPage.getDrop(DragDropPage.java:28)
at pages2.DragDropPage.getDrop(DragDropPage.java:28)
at pages2.DragDropPage.getDrop(DragDropPage.java:28)
at pages2.DragDropPage.getDrop(DragDropPage.java:28)
at pages2.DragDropPage.getDrop(DragDropPage.java:28)
at pages2.DragDropPage.getDrop(DragDropPage.java:28)
at pages2.DragDropPage.getDrop(DragDropPage.java:28)
at pages2.DragDropPage.getDrop(DragDropPage.java:28)
at pages2.DragDropPage.getDrop(DragDropPage.java:28)
at pages2.DragDropPage.getDrop(DragDropPage.java:28)
at pages2.DragDropPage.getDrop(DragDropPage.java:28)
at pages2.DragDropPage.getDrop(DragDropPage.java:28)
at pages2.DragDropPage.getDrop(DragDropPage.java:28)
at pages2.DragDropPage.getDrop(DragDropPage.java:28)
at pages2.DragDropPage.getDrop(DragDropPage.java:28)
at pages2.DragDropPage.getDrop(DragDropPage.java:28)
at pages2.DragDropPage.getDrop(DragDropPage.java:28)
at pages2.DragDropPage.getDrop(DragDropPage.java:28)
at pages2.DragDropPage.getDrop(DragDropPage.java:28)
at pages2.DragDropPage.getDrop(DragDropPage.java:28)
at pages2.DragDropPage.getDrop(DragDropPage.java:28)
at pages2.DragDropPage.getDrop(DragDropPage.java:28)
at pages2.DragDropPage.getDrop(DragDropPage.java:28)
at pages2.DragDropPage.getDrop(DragDropPage.java:28)
at pages2.DragDropPage.getDrop(DragDropPage.java:28)
at pages2.DragDropPage.getDrop(DragDropPage.java:28)
at pages2.DragDropPage.getDrop(DragDropPage.java:28)
at pages2.DragDropPage.getDrop(DragDropPage.java:28)
at pages2.DragDropPage.getDrop(DragDropPage.java:28)
at pages2.DragDropPage.getDrop(DragDropPage.java:28)
at pages2.DragDropPage.getDrop(DragDropPage.java:28)
at pages2.DragDropPage.getDrop(DragDropPage.java:28)
at pages2.DragDropPage.getDrop(DragDropPage.java:28)
at pages2.DragDropPage.getDrop(DragDropPage.java:28)
at pages2.DragDropPage.getDrop(DragDropPage.java:28)
at pages2.DragDropPage.getDrop(DragDropPage.java:28)
at pages2.DragDropPage.getDrop(DragDropPage.java:28)
at pages2.DragDropPage.getDrop(DragDropPage.java:28)
at pages2.DragDropPage.getDrop(DragDropPage.java:28)
at pages2.DragDropPage.getDrop(DragDropPage.java:28)
at pages2.DragDropPage.getDrop(DragDropPage.java:28)
at pages2.DragDropPage.getDrop(DragDropPage.java:28)
at pages2.DragDropPage.getDrop(DragDropPage.java:28)
at pages2.DragDropPage.getDrop(DragDropPage.java:28)
at pages2.DragDropPage.getDrop(DragDropPage.java:28)
at pages2.DragDropPage.getDrop(DragDropPage.java:28)
at pages2.DragDropPage.getDrop(DragDropPage.java:28)
at pages2.DragDropPage.getDrop(DragDropPage.java:28)
at pages2.DragDropPage.getDrop(DragDropPage.java:28)
at pages2.DragDropPage.getDrop(DragDropPage.java:28)
at pages2.DragDropPage.getDrop(DragDropPage.java:28)
at pages2.DragDropPage.getDrop(DragDropPage.java:28)
at pages2.DragDropPage.getDrop(DragDropPage.java:28)
at pages2.DragDropPage.getDrop(DragDropPage.java:28)
at pages2.DragDropPage.getDrop(DragDropPage.java:28)
at pages2.DragDropPage.getDrop(DragDropPage.java:28)
at pages2.DragDropPage.getDrop(DragDropPage.java:28)
at pages2.DragDropPage.getDrop(DragDropPage.java:28)
at pages2.DragDropPage.getDrop(DragDropPage.java:28)
at pages2.DragDropPage.getDrop(DragDropPage.java:28)
at pages2.DragDropPage.getDrop(DragDropPage.java:28)
at pages2.DragDropPage.getDrop(DragDropPage.java:28)
at pages2.DragDropPage.getDrop(DragDropPage.java:28)
at pages2.DragDropPage.getDrop(DragDropPage.java:28)
at pages2.DragDropPage.getDrop(DragDropPage.java:28)
at pages2.DragDropPage.getDrop(DragDropPage.java:28)
at pages2.DragDropPage.getDrop(DragDropPage.java:28)
at pages2.DragDropPage.getDrop(DragDropPage.java:28)
at pages2.DragDropPage.getDrop(DragDropPage.java:28)
at pages2.DragDropPage.getDrop(DragDropPage.java:28)
at pages2.DragDropPage.getDrop(DragDropPage.java:28)
at pages2.DragDropPage.getDrop(DragDropPage.java:28)
at pages2.DragDropPage.getDrop(DragDropPage.java:28)
at pages2.DragDropPage.getDrop(DragDropPage.java:28)
at pages2.DragDropPage.getDrop(DragDropPage.java:28)
at pages2.DragDropPage.getDrop(DragDropPage.java:28)
at pages2.DragDropPage.getDrop(DragDropPage.java:28)
at pages2.DragDropPage.getDrop(DragDropPage.java:28)
at pages2.DragDropPage.getDrop(DragDropPage.java:28)
at pages2.DragDropPage.getDrop(DragDropPage.java:28)
at pages2.DragDropPage.getDrop(DragDropPage.java:28)
at pages2.DragDropPage.getDrop(DragDropPage.java:28)
at pages2.DragDropPage.getDrop(DragDropPage.java:28)
at pages2.DragDropPage.getDrop(DragDropPage.java:28)
at pages2.DragDropPage.getDrop(DragDropPage.java:28)
at pages2.DragDropPage.getDrop(DragDropPage.java:28)
at pages2.DragDropPage.getDrop(DragDropPage.java:28)
at pages2.DragDropPage.getDrop(DragDropPage.java:28)
at pages2.DragDropPage.getDrop(DragDropPage.java:28)
at pages2.DragDropPage.getDrop(DragDropPage.java:28)
at pages2.DragDropPage.getDrop(DragDropPage.java:28)
at pages2.DragDropPage.getDrop(DragDropPage.java:28)
at pages2.DragDropPage.getDrop(DragDropPage.java:28)
at pages2.DragDropPage.getDrop(DragDropPage.java:28)
at pages2.DragDropPage.getDrop(DragDropPage.java:28)
at pages2.DragDropPage.getDrop(DragDropPage.java:28)
at pages2.DragDropPage.getDrop(DragDropPage.java:28)
at pages2.DragDropPage.getDrop(DragDropPage.java:28)
at pages2.DragDropPage.getDrop(DragDropPage.java:28)
at pages2.DragDropPage.getDrop(DragDropPage.java:28)
at pages2.DragDropPage.getDrop(DragDropPage.java:28)
at pages2.DragDropPage.getDrop(DragDropPage.java:28)
at pages2.DragDropPage.getDrop(DragDropPage.java:28)
at pages2.DragDropPage.getDrop(DragDropPage.java:28)
at pages2.DragDropPage.getDrop(DragDropPage.java:28)
at pages2.DragDropPage.getDrop(DragDropPage.java:28)
at pages2.DragDropPage.getDrop(DragDropPage.java:28)
at pages2.DragDropPage.getDrop(DragDropPage.java:28)
at pages2.DragDropPage.getDrop(DragDropPage.java:28)
at pages2.DragDropPage.getDrop(DragDropPage.java:28)
at pages2.DragDropPage.getDrop(DragDropPage.java:28)
at pages2.DragDropPage.getDrop(DragDropPage.java:28)
at pages2.DragDropPage.getDrop(DragDropPage.java:28)
at pages2.DragDropPage.getDrop(DragDropPage.java:28)
at pages2.DragDropPage.getDrop(DragDropPage.java:28)
at pages2.DragDropPage.getDrop(DragDropPage.java:28)
at pages2.DragDropPage.getDrop(DragDropPage.java:28)
at pages2.DragDropPage.getDrop(DragDropPage.java:28)
at pages2.DragDropPage.getDrop(DragDropPage.java:28)
at pages2.DragDropPage.getDrop(DragDropPage.java:28)
at pages2.DragDropPage.getDrop(DragDropPage.java:28)
at pages2.DragDropPage.getDrop(DragDropPage.java:28)
at pages2.DragDropPage.getDrop(DragDropPage.java:28)
at pages2.DragDropPage.getDrop(DragDropPage.java:28)
at pages2.DragDropPage.getDrop(DragDropPage.java:28)
at pages2.DragDropPage.getDrop(DragDropPage.java:28)
at pages2.DragDropPage.getDrop(DragDropPage.java:28)
at pages2.DragDropPage.getDrop(DragDropPage.java:28)
at pages2.DragDropPage.getDrop(DragDropPage.java:28)
at pages2.DragDropPage.getDrop(DragDropPage.java:28)
at pages2.DragDropPage.getDrop(DragDropPage.java:28)
at pages2.DragDropPage.getDrop(DragDropPage.java:28)
at pages2.DragDropPage.getDrop(DragDropPage.java:28)
at pages2.DragDropPage.getDrop(DragDropPage.java:28)
at pages2.DragDropPage.getDrop(DragDropPage.java:28)
at pages2.DragDropPage.getDrop(DragDropPage.java:28)
at pages2.DragDropPage.getDrop(DragDropPage.java:28)
at pages2.DragDropPage.getDrop(DragDropPage.java:28)
at pages2.DragDropPage.getDrop(DragDropPage.java:28)
at pages2.DragDropPage.getDrop(DragDropPage.java:28)
at pages2.DragDropPage.getDrop(DragDropPage.java:28)
at pages2.DragDropPage.getDrop(DragDropPage.java:28)
at pages2.DragDropPage.getDrop(DragDropPage.java:28)
at pages2.DragDropPage.getDrop(DragDropPage.java:28)
at pages2.DragDropPage.getDrop(DragDropPage.java:28)
at pages2.DragDropPage.getDrop(DragDropPage.java:28)
at pages2.DragDropPage.getDrop(DragDropPage.java:28)
at pages2.DragDropPage.getDrop(DragDropPage.java:28)
at pages2.DragDropPage.getDrop(DragDropPage.java:28)
at pages2.DragDropPage.getDrop(DragDropPage.java:28)
at pages2.DragDropPage.getDrop(DragDropPage.java:28)
at pages2.DragDropPage.getDrop(DragDropPage.java:28)
at pages2.DragDropPage.getDrop(DragDropPage.java:28)
at pages2.DragDropPage.getDrop(DragDropPage.java:28)
at pages2.DragDropPage.getDrop(DragDropPage.java:28)
at pages2.DragDropPage.getDrop(DragDropPage.java:28)
at pages2.DragDropPage.getDrop(DragDropPage.java:28)
at pages2.DragDropPage.getDrop(DragDropPage.java:28)
at pages2.DragDropPage.getDrop(DragDropPage.java:28)
at pages2.DragDropPage.getDrop(DragDropPage.java:28)
at pages2.DragDropPage.getDrop(DragDropPage.java:28)
at pages2.DragDropPage.getDrop(DragDropPage.java:28)
at pages2.DragDropPage.getDrop(DragDropPage.java:28)
at pages2.DragDropPage.getDrop(DragDropPage.java:28)
at pages2.DragDropPage.getDrop(DragDropPage.java:28)
at pages2.DragDropPage.getDrop(DragDropPage.java:28)
at pages2.DragDropPage.getDrop(DragDropPage.java:28)
at pages2.DragDropPage.getDrop(DragDropPage.java:28)
at pages2.DragDropPage.getDrop(DragDropPage.java:28)
at pages2.DragDropPage.getDrop(DragDropPage.java:28)
at pages2.DragDropPage.getDrop(DragDropPage.java:28)
at pages2.DragDropPage.getDrop(DragDropPage.java:28)
at pages2.DragDropPage.getDrop(DragDropPage.java:28)
at pages2.DragDropPage.getDrop(DragDropPage.java:28)
at pages2.DragDropPage.getDrop(DragDropPage.java:28)
at pages2.DragDropPage.getDrop(DragDropPage.java:28)
at pages2.DragDropPage.getDrop(DragDropPage.java:28)
at pages2.DragDropPage.getDrop(DragDropPage.java:28)
at pages2.DragDropPage.getDrop(DragDropPage.java:28)
at pages2.DragDropPage.getDrop(DragDropPage.java:28)
at pages2.DragDropPage.getDrop(DragDropPage.java:28)
at pages2.DragDropPage.getDrop(DragDropPage.java:28)
at pages2.DragDropPage.getDrop(DragDropPage.java:28)
at pages2.DragDropPage.getDrop(DragDropPage.java:28)
at pages2.DragDropPage.getDrop(DragDropPage.java:28)
at pages2.DragDropPage.getDrop(DragDropPage.java:28)
at pages2.DragDropPage.getDrop(DragDropPage.java:28)
at pages2.DragDropPage.getDrop(DragDropPage.java:28)
at pages2.DragDropPage.getDrop(DragDropPage.java:28)
at pages2.DragDropPage.getDrop(DragDropPage.java:28)
at pages2.DragDropPage.getDrop(DragDropPage.java:28)
at pages2.DragDropPage.getDrop(DragDropPage.java:28)
at pages2.DragDropPage.getDrop(DragDropPage.java:28)
at pages2.DragDropPage.getDrop(DragDropPage.java:28)
at pages2.DragDropPage.getDrop(DragDropPage.java:28)
at pages2.DragDropPage.getDrop(DragDropPage.java:28)
at pages2.DragDropPage.getDrop(DragDropPage.java:28)
at pages2.DragDropPage.getDrop(DragDropPage.java:28)
at pages2.DragDropPage.getDrop(DragDropPage.java:28)
at pages2.DragDropPage.getDrop(DragDropPage.java:28)
at pages2.DragDropPage.getDrop(DragDropPage.java:28)
at pages2.DragDropPage.getDrop(DragDropPage.java:28)
at pages2.DragDropPage.getDrop(DragDropPage.java:28)
at pages2.DragDropPage.getDrop(DragDropPage.java:28)
at pages2.DragDropPage.getDrop(DragDropPage.java:28)
at pages2.DragDropPage.getDrop(DragDropPage.java:28)
at pages2.DragDropPage.getDrop(DragDropPage.java:28)
at pages2.DragDropPage.getDrop(DragDropPage.java:28)
at pages2.DragDropPage.getDrop(DragDropPage.java:28)
at pages2.DragDropPage.getDrop(DragDropPage.java:28)
at pages2.DragDropPage.getDrop(DragDropPage.java:28)
at pages2.DragDropPage.getDrop(DragDropPage.java:28)
at pages2.DragDropPage.getDrop(DragDropPage.java:28)
at pages2.DragDropPage.getDrop(DragDropPage.java:28)
at pages2.DragDropPage.getDrop(DragDropPage.java:28)
at pages2.DragDropPage.getDrop(DragDropPage.java:28)
at pages2.DragDropPage.getDrop(DragDropPage.java:28)
at pages2.DragDropPage.getDrop(DragDropPage.java:28)
at pages2.DragDropPage.getDrop(DragDropPage.java:28)
at pages2.DragDropPage.getDrop(DragDropPage.java:28)
at pages2.DragDropPage.getDrop(DragDropPage.java:28)
at pages2.DragDropPage.getDrop(DragDropPage.java:28)
at pages2.DragDropPage.getDrop(DragDropPage.java:28)
at pages2.DragDropPage.getDrop(DragDropPage.java:28)
at pages2.DragDropPage.getDrop(DragDropPage.java:28)
at pages2.DragDropPage.getDrop(DragDropPage.java:28)
at pages2.DragDropPage.getDrop(DragDropPage.java:28)
at pages2.DragDropPage.getDrop(DragDropPage.java:28)
at pages2.DragDropPage.getDrop(DragDropPage.java:28)
at pages2.DragDropPage.getDrop(DragDropPage.java:28)
at pages2.DragDropPage.getDrop(DragDropPage.java:28)
at pages2.DragDropPage.getDrop(DragDropPage.java:28)
at pages2.DragDropPage.getDrop(DragDropPage.java:28)
at pages2.DragDropPage.getDrop(DragDropPage.java:28)
at pages2.DragDropPage.getDrop(DragDropPage.java:28)
at pages2.DragDropPage.getDrop(DragDropPage.java:28)
at pages2.DragDropPage.getDrop(DragDropPage.java:28)
at pages2.DragDropPage.getDrop(DragDropPage.java:28)
at pages2.DragDropPage.getDrop(DragDropPage.java:28)
at pages2.DragDropPage.getDrop(DragDropPage.java:28)
at pages2.DragDropPage.getDrop(DragDropPage.java:28)
at pages2.DragDropPage.getDrop(DragDropPage.java:28)
at pages2.DragDropPage.getDrop(DragDropPage.java:28)
at pages2.DragDropPage.getDrop(DragDropPage.java:28)
at pages2.DragDropPage.getDrop(DragDropPage.java:28)
at pages2.DragDropPage.getDrop(DragDropPage.java:28)
at pages2.DragDropPage.getDrop(DragDropPage.java:28)
at pages2.DragDropPage.getDrop(DragDropPage.java:28)
at pages2.DragDropPage.getDrop(DragDropPage.java:28)
at pages2.DragDropPage.getDrop(DragDropPage.java:28)
at pages2.DragDropPage.getDrop(DragDropPage.java:28)
at pages2.DragDropPage.getDrop(DragDropPage.java:28)
at pages2.DragDropPage.getDrop(DragDropPage.java:28)
at pages2.DragDropPage.getDrop(DragDropPage.java:28)
at pages2.DragDropPage.getDrop(DragDropPage.java:28)
at pages2.DragDropPage.getDrop(DragDropPage.java:28)
at pages2.DragDropPage.getDrop(DragDropPage.java:28)
at pages2.DragDropPage.getDrop(DragDropPage.java:28)
at pages2.DragDropPage.getDrop(DragDropPage.java:28)
at pages2.DragDropPage.getDrop(DragDropPage.java:28)
at pages2.DragDropPage.getDrop(DragDropPage.java:28)
at pages2.DragDropPage.getDrop(DragDropPage.java:28)
at pages2.DragDropPage.getDrop(DragDropPage.java:28)
at pages2.DragDropPage.getDrop(DragDropPage.java:28)
at pages2.DragDropPage.getDrop(DragDropPage.java:28)
at pages2.DragDropPage.getDrop(DragDropPage.java:28)
at pages2.DragDropPage.getDrop(DragDropPage.java:28)
at pages2.DragDropPage.getDrop(DragDropPage.java:28)
at pages2.DragDropPage.getDrop(DragDropPage.java:28)
at pages2.DragDropPage.getDrop(DragDropPage.java:28)
at pages2.DragDropPage.getDrop(DragDropPage.java:28)
at pages2.DragDropPage.getDrop(DragDropPage.java:28)
at pages2.DragDropPage.getDrop(DragDropPage.java:28)
at pages2.DragDropPage.getDrop(DragDropPage.java:28)
at pages2.DragDropPage.getDrop(DragDropPage.java:28)
at pages2.DragDropPage.getDrop(DragDropPage.java:28)
at pages2.DragDropPage.getDrop(DragDropPage.java:28)
at pages2.DragDropPage.getDrop(DragDropPage.java:28)
at pages2.DragDropPage.getDrop(DragDropPage.java:28)
at pages2.DragDropPage.getDrop(DragDropPage.java:28)
at pages2.DragDropPage.getDrop(DragDropPage.java:28)
at pages2.DragDropPage.getDrop(DragDropPage.java:28)
at pages2.DragDropPage.getDrop(DragDropPage.java:28)
at pages2.DragDropPage.getDrop(DragDropPage.java:28)
at pages2.DragDropPage.getDrop(DragDropPage.java:28)
at pages2.DragDropPage.getDrop(DragDropPage.java:28)
at pages2.DragDropPage.getDrop(DragDropPage.java:28)
at pages2.DragDropPage.getDrop(DragDropPage.java:28)
at pages2.DragDropPage.getDrop(DragDropPage.java:28)
at pages2.DragDropPage.getDrop(DragDropPage.java:28)
at pages2.DragDropPage.getDrop(DragDropPage.java:28)
at pages2.DragDropPage.getDrop(DragDropPage.java:28)
at pages2.DragDropPage.getDrop(DragDropPage.java:28)
at pages2.DragDropPage.getDrop(DragDropPage.java:28)
at pages2.DragDropPage.getDrop(DragDropPage.java:28)
at pages2.DragDropPage.getDrop(DragDropPage.java:28)
]]>
    </error>
  </testcase> <!-- verifyDragAndDrop -->
  <system-out/>
</testsuite> <!-- TestCase2.VerifyDragDrop -->
