<?xml version="1.0" encoding="UTF-8"?>
<!-- Generated by org.testng.reporters.JUnitReportReporter -->
<testsuite hostname="DESKTOP-7GAAMJD" failures="0" tests="4" name="TestCase2.VerifyTextField" time="27.805" errors="0" timestamp="2023-05-14T19:33:00 IST" skipped="2">
  <testcase classname="TestCase2.VerifyTextField" name="verifyPasswordTextDisplayed" time="11.502"/>
  <system-out>
    <![CDATA[Test case started verifyPasswordTextDisplayed
Test case succededverifyPasswordTextDisplayed]]>
  </system-out>
  <testcase classname="TestCase2.VerifyTextField" name="verifyUserNameTextDisplayed" time="16.303"/>
  <system-out>
    <![CDATA[Test case started verifyUserNameTextDisplayed
Test case succededverifyUserNameTextDisplayed]]>
  </system-out>
  <testcase classname="TestCase2.VerifyTextField" name="verifyloginUsingSendText">
    <skipped/>
  </testcase> <!-- verifyloginUsingSendText -->
  <system-out/>
  <testcase classname="TestCase2.VerifyTextField" name="verifyLoginUsingUtilityClass">
    <skipped/>
  </testcase> <!-- verifyLoginUsingUtilityClass -->
  <system-out/>
</testsuite> <!-- TestCase2.VerifyTextField -->
