<?xml version="1.0" encoding="UTF-8"?>
<!-- Generated by org.testng.reporters.JUnitReportReporter -->
<testsuite hostname="DESKTOP-7GAAMJD" failures="0" tests="2" name="TestCase2.VerifyTextField" time="14.568" errors="0" timestamp="2023-05-10T00:46:18 IST" skipped="0">
  <testcase classname="TestCase2.VerifyTextField" name="verifyPageTitle" time="6.368"/>
  <system-out/>
  <testcase classname="TestCase2.VerifyTextField" name="verifyloginUsingSendText" time="8.200"/>
  <system-out/>
</testsuite> <!-- TestCase2.VerifyTextField -->
