<?xml version="1.0" encoding="UTF-8"?>
<!-- Generated by org.testng.reporters.JUnitReportReporter -->
<testsuite hostname="DESKTOP-7GAAMJD" failures="0" tests="4" name="TestCase2.VerifyScrolling" time="8.198" errors="0" timestamp="2023-05-13T00:51:01 IST" skipped="3">
  <testcase classname="TestCase2.VerifyScrolling" name="verifyScrollEndOfPage" time="8.198"/>
  <system-out/>
  <testcase classname="TestCase2.VerifyScrolling" name="verifyScrollViewClick">
    <skipped/>
  </testcase> <!-- verifyScrollViewClick -->
  <system-out/>
  <testcase classname="TestCase2.VerifyScrolling" name="verifyScrollIntoView">
    <skipped/>
  </testcase> <!-- verifyScrollIntoView -->
  <system-out/>
  <testcase classname="TestCase2.VerifyScrolling" name="verifyPageScrolling">
    <skipped/>
  </testcase> <!-- verifyPageScrolling -->
  <system-out/>
</testsuite> <!-- TestCase2.VerifyScrolling -->
