<?xml version="1.0" encoding="UTF-8"?>
<!-- Generated by org.testng.reporters.JUnitReportReporter -->
<testsuite hostname="DESKTOP-7GAAMJD" failures="0" tests="2" name="TestCase.VerifyNewToursRegistration" time="17.417" errors="0" timestamp="2023-05-07T09:22:38 IST" skipped="1">
  <testcase classname="TestCase.VerifyNewToursRegistration" name="VerifyRegistration" time="17.417"/>
  <system-out/>
  <testcase classname="TestCase.VerifyNewToursRegistration" name="verifyPageTitle">
    <skipped/>
  </testcase> <!-- verifyPageTitle -->
  <system-out/>
</testsuite> <!-- TestCase.VerifyNewToursRegistration -->
