<?xml version="1.0" encoding="UTF-8"?>
<!-- Generated by org.testng.reporters.JUnitReportReporter -->
<testsuite hostname="DESKTOP-7GAAMJD" failures="0" tests="4" name="TestCase2.VerifyTextField" time="15.207" errors="0" timestamp="2023-05-14T22:22:11 IST" skipped="2">
  <testcase classname="TestCase2.VerifyTextField" name="verifyPasswordTextDisplayed" time="7.617"/>
  <system-out/>
  <testcase classname="TestCase2.VerifyTextField" name="verifyUserNameTextDisplayed" time="7.590"/>
  <system-out/>
  <testcase classname="TestCase2.VerifyTextField" name="verifyLoginUsingUtilityClass">
    <skipped/>
  </testcase> <!-- verifyLoginUsingUtilityClass -->
  <system-out/>
  <testcase classname="TestCase2.VerifyTextField" name="verifyloginUsingSendText">
    <skipped/>
  </testcase> <!-- verifyloginUsingSendText -->
  <system-out/>
</testsuite> <!-- TestCase2.VerifyTextField -->
